== Configuring and building Rakudo
cd rakudo && /usr/bin/perl Configure.pl --prefix=/home/coke/sandbox/rakudo-star-daily/star/rakudo-star-daily/install && make
Found /home/coke/sandbox/rakudo-star-daily/star/rakudo-star-daily/install/bin/nqp-p (backend parrot)
Verifying installation ...
Using /home/coke/sandbox/rakudo-star-daily/star/rakudo-star-daily/install/bin/nqp-p (version 2013.10-210-g40d723f).
Cleaning up ...

You can now use 'make' to build Rakudo.
After that, 'make test' will run some tests and
'make install' will install Rakudo.
make[1]: Entering directory `/home/coke/sandbox/rakudo-star-daily/star/rakudo-star-daily/rakudo'
cd src/vm/parrot/ops && /home/coke/sandbox/rakudo-star-daily/star/rakudo-star-daily/install/bin/ops2c C --dynamic perl6.ops
# Parsing perl6.ops...
# Parsed perl6.ops in 3.611 seconds; found 121 ops.
# Ops parsed in 3.612 seconds.
cd src/vm/parrot/ops && cc -c -o perl6_ops.o -I/home/coke/sandbox/rakudo-star-daily/star/rakudo-star-daily/install/include/parrot/5.9.0 -I/home/coke/sandbox/rakudo-star-daily/star/rakudo-star-daily/install/include/parrot/5.9.0/pmc -D_REENTRANT -D_GNU_SOURCE -DDEBIAN -fstack-protector  -pipe -I/usr/local/include -D_LARGEFILE_SOURCE -D_FILE_OFFSET_BITS=64 -DHASATTRIBUTE_CONST  -DHASATTRIBUTE_DEPRECATED  -DHASATTRIBUTE_MALLOC  -DHASATTRIBUTE_NONNULL  -DHASATTRIBUTE_NORETURN  -DHASATTRIBUTE_PURE  -DHASATTRIBUTE_UNUSED  -DHASATTRIBUTE_WARN_UNUSED_RESULT  -DHASATTRIBUTE_HOT  -DHASATTRIBUTE_COLD  -DDISABLE_GC_DEBUG=1 -DNDEBUG -DHAS_GETTEXT   -fPIC  -falign-functions=16 -funit-at-a-time -fexcess-precision=standard -maccumulate-outgoing-args -Wall -Wextra -Waggregate-return -Wcast-qual -Wdisabled-optimization -Wdiv-by-zero -Wendif-labels -Wformat-extra-args -Wformat-nonliteral -Wformat-security -Wformat-y2k -Wimplicit -Wimport -Winit-self -Winline -Winvalid-pch -Wjump-misses-init -Wlogical-op -Werror=missing-braces -Wmissing-declarations -Wno-missing-format-attribute -Wmissing-include-dirs -Wmultichar -Wpacked -Wpointer-arith -Wreturn-type -Wsequence-point -Wsign-compare -Wstrict-aliasing -Wstrict-aliasing=2 -Wswitch -Wswitch-default -Werror=undef -Wno-unused -Wvariadic-macros -Wwrite-strings -Wstack-usage=500 -Wc++-compat -Werror=declaration-after-statement -Werror=implicit-function-declaration -Wmissing-prototypes -Werror=nested-externs -Werror=old-style-definition -Werror=strict-prototypes -fvisibility=hidden  -O2 -g perl6_ops.c
perl6_ops.c:294:1: warning: no previous prototype for ‘Parrot_lib_perl6_ops_init’ [-Wmissing-prototypes]
perl6_ops.c: In function ‘run_leave_phasers’:
perl6_ops.c:135:10: warning: variable ‘oldctx’ might be clobbered by ‘longjmp’ or ‘vfork’ [-Wclobbered]
perl6_ops.c:131:91: warning: argument ‘exceptions’ might be clobbered by ‘longjmp’ or ‘vfork’ [-Wclobbered]
perl6_ops.c: In function ‘Parrot_perl6_type_check_return_value_p_p’:
perl6_ops.c:3469:28: warning: function call has aggregate value [-Waggregate-return]
cd src/vm/parrot/guts && cc -c -o exceptions.o -I/home/coke/sandbox/rakudo-star-daily/star/rakudo-star-daily/install/include/parrot/5.9.0 -I/home/coke/sandbox/rakudo-star-daily/star/rakudo-star-daily/install/include/parrot/5.9.0/pmc -D_REENTRANT -D_GNU_SOURCE -DDEBIAN -fstack-protector  -pipe -I/usr/local/include -D_LARGEFILE_SOURCE -D_FILE_OFFSET_BITS=64 -DHASATTRIBUTE_CONST  -DHASATTRIBUTE_DEPRECATED  -DHASATTRIBUTE_MALLOC  -DHASATTRIBUTE_NONNULL  -DHASATTRIBUTE_NORETURN  -DHASATTRIBUTE_PURE  -DHASATTRIBUTE_UNUSED  -DHASATTRIBUTE_WARN_UNUSED_RESULT  -DHASATTRIBUTE_HOT  -DHASATTRIBUTE_COLD  -DDISABLE_GC_DEBUG=1 -DNDEBUG -DHAS_GETTEXT   -fPIC  -falign-functions=16 -funit-at-a-time -fexcess-precision=standard -maccumulate-outgoing-args -Wall -Wextra -Waggregate-return -Wcast-qual -Wdisabled-optimization -Wdiv-by-zero -Wendif-labels -Wformat-extra-args -Wformat-nonliteral -Wformat-security -Wformat-y2k -Wimplicit -Wimport -Winit-self -Winline -Winvalid-pch -Wjump-misses-init -Wlogical-op -Werror=missing-braces -Wmissing-declarations -Wno-missing-format-attribute -Wmissing-include-dirs -Wmultichar -Wpacked -Wpointer-arith -Wreturn-type -Wsequence-point -Wsign-compare -Wstrict-aliasing -Wstrict-aliasing=2 -Wswitch -Wswitch-default -Werror=undef -Wno-unused -Wvariadic-macros -Wwrite-strings -Wstack-usage=500 -Wc++-compat -Werror=declaration-after-statement -Werror=implicit-function-declaration -Wmissing-prototypes -Werror=nested-externs -Werror=old-style-definition -Werror=strict-prototypes -fvisibility=hidden  -O2 -g exceptions.c
cd src/vm/parrot/guts && cc -c -o bind.o -I/home/coke/sandbox/rakudo-star-daily/star/rakudo-star-daily/install/include/parrot/5.9.0 -I/home/coke/sandbox/rakudo-star-daily/star/rakudo-star-daily/install/include/parrot/5.9.0/pmc -D_REENTRANT -D_GNU_SOURCE -DDEBIAN -fstack-protector  -pipe -I/usr/local/include -D_LARGEFILE_SOURCE -D_FILE_OFFSET_BITS=64 -DHASATTRIBUTE_CONST  -DHASATTRIBUTE_DEPRECATED  -DHASATTRIBUTE_MALLOC  -DHASATTRIBUTE_NONNULL  -DHASATTRIBUTE_NORETURN  -DHASATTRIBUTE_PURE  -DHASATTRIBUTE_UNUSED  -DHASATTRIBUTE_WARN_UNUSED_RESULT  -DHASATTRIBUTE_HOT  -DHASATTRIBUTE_COLD  -DDISABLE_GC_DEBUG=1 -DNDEBUG -DHAS_GETTEXT   -fPIC  -falign-functions=16 -funit-at-a-time -fexcess-precision=standard -maccumulate-outgoing-args -Wall -Wextra -Waggregate-return -Wcast-qual -Wdisabled-optimization -Wdiv-by-zero -Wendif-labels -Wformat-extra-args -Wformat-nonliteral -Wformat-security -Wformat-y2k -Wimplicit -Wimport -Winit-self -Winline -Winvalid-pch -Wjump-misses-init -Wlogical-op -Werror=missing-braces -Wmissing-declarations -Wno-missing-format-attribute -Wmissing-include-dirs -Wmultichar -Wpacked -Wpointer-arith -Wreturn-type -Wsequence-point -Wsign-compare -Wstrict-aliasing -Wstrict-aliasing=2 -Wswitch -Wswitch-default -Werror=undef -Wno-unused -Wvariadic-macros -Wwrite-strings -Wstack-usage=500 -Wc++-compat -Werror=declaration-after-statement -Werror=implicit-function-declaration -Wmissing-prototypes -Werror=nested-externs -Werror=old-style-definition -Werror=strict-prototypes -fvisibility=hidden  -O2 -g bind.c
bind.c: In function ‘create_box’:
bind.c:98:5: warning: switch missing default case [-Wswitch-default]
bind.c: In function ‘Rakudo_binding_bind_one_param’:
bind.c:543:13: warning: switch missing default case [-Wswitch-default]
bind.c:623:13: warning: switch missing default case [-Wswitch-default]
bind.c: In function ‘get_positional_bind_val’:
bind.c:746:1: warning: function returns an aggregate [-Waggregate-return]
bind.c: In function ‘Rakudo_binding_bind’:
bind.c:872:28: warning: function call has aggregate value [-Waggregate-return]
bind.c:936:28: warning: function call has aggregate value [-Waggregate-return]
bind.c:959:28: warning: function call has aggregate value [-Waggregate-return]
bind.c: In function ‘Rakudo_binding_bind_one_param.isra.7’:
bind.c:340:14: warning: function call has aggregate value [-Waggregate-return]
bind.c: In function ‘Rakudo_binding_trial_bind’:
bind.c:1136:34: warning: function call has aggregate value [-Waggregate-return]
cd src/vm/parrot/guts && cc -c -o container.o -I/home/coke/sandbox/rakudo-star-daily/star/rakudo-star-daily/install/include/parrot/5.9.0 -I/home/coke/sandbox/rakudo-star-daily/star/rakudo-star-daily/install/include/parrot/5.9.0/pmc -D_REENTRANT -D_GNU_SOURCE -DDEBIAN -fstack-protector  -pipe -I/usr/local/include -D_LARGEFILE_SOURCE -D_FILE_OFFSET_BITS=64 -DHASATTRIBUTE_CONST  -DHASATTRIBUTE_DEPRECATED  -DHASATTRIBUTE_MALLOC  -DHASATTRIBUTE_NONNULL  -DHASATTRIBUTE_NORETURN  -DHASATTRIBUTE_PURE  -DHASATTRIBUTE_UNUSED  -DHASATTRIBUTE_WARN_UNUSED_RESULT  -DHASATTRIBUTE_HOT  -DHASATTRIBUTE_COLD  -DDISABLE_GC_DEBUG=1 -DNDEBUG -DHAS_GETTEXT   -fPIC  -falign-functions=16 -funit-at-a-time -fexcess-precision=standard -maccumulate-outgoing-args -Wall -Wextra -Waggregate-return -Wcast-qual -Wdisabled-optimization -Wdiv-by-zero -Wendif-labels -Wformat-extra-args -Wformat-nonliteral -Wformat-security -Wformat-y2k -Wimplicit -Wimport -Winit-self -Winline -Winvalid-pch -Wjump-misses-init -Wlogical-op -Werror=missing-braces -Wmissing-declarations -Wno-missing-format-attribute -Wmissing-include-dirs -Wmultichar -Wpacked -Wpointer-arith -Wreturn-type -Wsequence-point -Wsign-compare -Wstrict-aliasing -Wstrict-aliasing=2 -Wswitch -Wswitch-default -Werror=undef -Wno-unused -Wvariadic-macros -Wwrite-strings -Wstack-usage=500 -Wc++-compat -Werror=declaration-after-statement -Werror=implicit-function-declaration -Wmissing-prototypes -Werror=nested-externs -Werror=old-style-definition -Werror=strict-prototypes -fvisibility=hidden  -O2 -g container.c
container.c: In function ‘Rakudo_cont_register’:
container.c:121:31: warning: request for implicit conversion from ‘void *’ to ‘struct ContainerConfigurer *’ not permitted in C++ [-Wc++-compat]
container.c:123:24: warning: request for implicit conversion from ‘void *’ to ‘struct ContainerSpec *’ not permitted in C++ [-Wc++-compat]
cd src/vm/parrot/guts && cc -c -o types.o -I/home/coke/sandbox/rakudo-star-daily/star/rakudo-star-daily/install/include/parrot/5.9.0 -I/home/coke/sandbox/rakudo-star-daily/star/rakudo-star-daily/install/include/parrot/5.9.0/pmc -D_REENTRANT -D_GNU_SOURCE -DDEBIAN -fstack-protector  -pipe -I/usr/local/include -D_LARGEFILE_SOURCE -D_FILE_OFFSET_BITS=64 -DHASATTRIBUTE_CONST  -DHASATTRIBUTE_DEPRECATED  -DHASATTRIBUTE_MALLOC  -DHASATTRIBUTE_NONNULL  -DHASATTRIBUTE_NORETURN  -DHASATTRIBUTE_PURE  -DHASATTRIBUTE_UNUSED  -DHASATTRIBUTE_WARN_UNUSED_RESULT  -DHASATTRIBUTE_HOT  -DHASATTRIBUTE_COLD  -DDISABLE_GC_DEBUG=1 -DNDEBUG -DHAS_GETTEXT   -fPIC  -falign-functions=16 -funit-at-a-time -fexcess-precision=standard -maccumulate-outgoing-args -Wall -Wextra -Waggregate-return -Wcast-qual -Wdisabled-optimization -Wdiv-by-zero -Wendif-labels -Wformat-extra-args -Wformat-nonliteral -Wformat-security -Wformat-y2k -Wimplicit -Wimport -Winit-self -Winline -Winvalid-pch -Wjump-misses-init -Wlogical-op -Werror=missing-braces -Wmissing-declarations -Wno-missing-format-attribute -Wmissing-include-dirs -Wmultichar -Wpacked -Wpointer-arith -Wreturn-type -Wsequence-point -Wsign-compare -Wstrict-aliasing -Wstrict-aliasing=2 -Wswitch -Wswitch-default -Werror=undef -Wno-unused -Wvariadic-macros -Wwrite-strings -Wstack-usage=500 -Wc++-compat -Werror=declaration-after-statement -Werror=implicit-function-declaration -Wmissing-prototypes -Werror=nested-externs -Werror=old-style-definition -Werror=strict-prototypes -fvisibility=hidden  -O2 -g types.c
cd src/vm/parrot/ops && cc -o perl6_ops.so perl6_ops.o ../guts/bind.o ../guts/exceptions.o ../guts/container.o ../guts/types.o -fstack-protector -L/usr/local/lib  -shared -L/usr/local/lib -fstack-protector -fPIC  -ldl -lm -lpthread -lcrypt -lrt -lgmp  -lffi   -L/usr/lib/x86_64-linux-gnu  -licuuc -licudata 
/usr/bin/perl -MExtUtils::Command -e cp src/vm/parrot/ops/perl6_ops.so dynext
/usr/bin/perl -MExtUtils::Command -e chmod 755 dynext/perl6_ops.so
/usr/bin/perl tools/build/gen-cat.pl parrot src/vm/parrot/ModuleLoaderVMConfig.nqp src/Perl6/ModuleLoader.nqp > gen/parrot/ModuleLoader.nqp
/home/coke/sandbox/rakudo-star-daily/star/rakudo-star-daily/install/bin/nqp-p --target=pir --output=src/gen/perl6-moduleloader.pir --encoding=utf8 \
	    gen/parrot/ModuleLoader.nqp
/home/coke/sandbox/rakudo-star-daily/star/rakudo-star-daily/install/bin/parrot  -o blib/Perl6/ModuleLoader.pbc src/gen/perl6-moduleloader.pir
/home/coke/sandbox/rakudo-star-daily/star/rakudo-star-daily/install/bin/nqp-p --vmlibs=perl6_ops --target=pir --output=src/gen/perl6-symboltable.pir --encoding=utf8 \
	    src/Perl6/World.nqp
/home/coke/sandbox/rakudo-star-daily/star/rakudo-star-daily/install/bin/parrot  -o blib/Perl6/World.pbc src/gen/perl6-symboltable.pir
/home/coke/sandbox/rakudo-star-daily/star/rakudo-star-daily/install/bin/nqp-p --vmlibs=perl6_ops  --target=pir --output=src/gen/perl6-pod.pir --encoding=utf8 \
	    src/Perl6/Pod.nqp
/home/coke/sandbox/rakudo-star-daily/star/rakudo-star-daily/install/bin/parrot  -o blib/Perl6/Pod.pbc src/gen/perl6-pod.pir
/home/coke/sandbox/rakudo-star-daily/star/rakudo-star-daily/install/bin/nqp-p --vmlibs=perl6_ops  --target=pir --output=src/gen/perl6-ops.pir --encoding=utf8 \
	    src/vm/parrot/Perl6/Ops.nqp
/home/coke/sandbox/rakudo-star-daily/star/rakudo-star-daily/install/bin/parrot  -o blib/Perl6/Ops.pbc src/gen/perl6-ops.pir
/home/coke/sandbox/rakudo-star-daily/star/rakudo-star-daily/install/bin/nqp-p --vmlibs=perl6_ops  --target=pir --output=src/gen/perl6-actions.pir --encoding=utf8 \
	    src/Perl6/Actions.nqp
/home/coke/sandbox/rakudo-star-daily/star/rakudo-star-daily/install/bin/parrot  -o blib/Perl6/Actions.pbc src/gen/perl6-actions.pir
/home/coke/sandbox/rakudo-star-daily/star/rakudo-star-daily/install/bin/nqp-p --target=pir --output=src/gen/perl6-grammar.pir --encoding=utf8 \
	    src/Perl6/Grammar.nqp
/home/coke/sandbox/rakudo-star-daily/star/rakudo-star-daily/install/bin/parrot  -o blib/Perl6/Grammar.pbc src/gen/perl6-grammar.pir
/home/coke/sandbox/rakudo-star-daily/star/rakudo-star-daily/install/bin/nqp-p --vmlibs=perl6_ops  --target=pir --output=src/gen/perl6-optimizer.pir --encoding=utf8 \
	    src/Perl6/Optimizer.nqp
/home/coke/sandbox/rakudo-star-daily/star/rakudo-star-daily/install/bin/parrot  -o blib/Perl6/Optimizer.pbc src/gen/perl6-optimizer.pir
/home/coke/sandbox/rakudo-star-daily/star/rakudo-star-daily/install/bin/nqp-p --target=pir --output=src/gen/perl6-compiler.pir --encoding=utf8 \
	    src/Perl6/Compiler.nqp
/home/coke/sandbox/rakudo-star-daily/star/rakudo-star-daily/install/bin/parrot  -o blib/Perl6/Compiler.pbc src/gen/perl6-compiler.pir
/usr/bin/perl tools/build/gen-version.pl > gen/parrot/main-version.nqp
/usr/bin/perl tools/build/gen-cat.pl parrot src/main.nqp gen/parrot/main-version.nqp > gen/parrot/main.nqp
/home/coke/sandbox/rakudo-star-daily/star/rakudo-star-daily/install/bin/nqp-p --vmlibs=perl6_ops --target=pir --output=src/gen/perl6.pir \
	    gen/parrot/main.nqp
/home/coke/sandbox/rakudo-star-daily/star/rakudo-star-daily/install/bin/parrot  -o perl6.pbc src/gen/perl6.pir
/home/coke/sandbox/rakudo-star-daily/star/rakudo-star-daily/install/bin/pbc_to_exe -operl6-p perl6.pbc
cc -o perl6-p.o -I"/home/coke/sandbox/rakudo-star-daily/star/rakudo-star-daily/install/include/parrot/5.9.0" -D_REENTRANT -D_GNU_SOURCE -DDEBIAN -fstack-protector  -pipe -I/usr/local/include -D_LARGEFILE_SOURCE -D_FILE_OFFSET_BITS=64 -DHASATTRIBUTE_CONST  -DHASATTRIBUTE_DEPRECATED  -DHASATTRIBUTE_MALLOC  -DHASATTRIBUTE_NONNULL  -DHASATTRIBUTE_NORETURN  -DHASATTRIBUTE_PURE  -DHASATTRIBUTE_UNUSED  -DHASATTRIBUTE_WARN_UNUSED_RESULT  -DHASATTRIBUTE_HOT  -DHASATTRIBUTE_COLD  -DDISABLE_GC_DEBUG=1 -DNDEBUG -DHAS_GETTEXT   -O2 -g -c perl6-p.c
Compiled: perl6-p.o
cc -o perl6-p "perl6-p.o" "/home/coke/sandbox/rakudo-star-daily/star/rakudo-star-daily/install/lib/parrot/5.9.0/parrot_config.o" -Wl,-rpath="/home/coke/sandbox/rakudo-star-daily/star/rakudo-star-daily/install/lib" -L"/home/coke/sandbox/rakudo-star-daily/star/rakudo-star-daily/install/lib" -lparrot -Wl,-E  -fstack-protector -L/usr/local/lib -Wl,-E   -ldl -lm -lpthread -lcrypt -lrt -lgmp  -lffi   -L/usr/lib/x86_64-linux-gnu  -licuuc -licudata 
Linked: perl6-p
/usr/bin/perl tools/build/gen-cat.pl parrot src/Perl6/Metamodel/Archetypes.nqp src/Perl6/Metamodel/Naming.nqp src/Perl6/Metamodel/Documenting.nqp src/Perl6/Metamodel/Stashing.nqp src/Perl6/Metamodel/Versioning.nqp src/Perl6/Metamodel/TypePretense.nqp src/Perl6/Metamodel/MethodDelegation.nqp src/Perl6/Metamodel/BoolificationProtocol.nqp src/Perl6/Metamodel/PackageHOW.nqp src/Perl6/Metamodel/ModuleHOW.nqp src/Perl6/Metamodel/GenericHOW.nqp src/Perl6/Metamodel/AttributeContainer.nqp src/Perl6/Metamodel/MethodContainer.nqp src/Perl6/Metamodel/PrivateMethodContainer.nqp src/Perl6/Metamodel/MultiMethodContainer.nqp src/Perl6/Metamodel/RoleContainer.nqp src/Perl6/Metamodel/MultipleInheritance.nqp src/Perl6/Metamodel/DefaultParent.nqp src/Perl6/Metamodel/BaseType.nqp src/Perl6/Metamodel/C3MRO.nqp src/Perl6/Metamodel/MROBasedMethodDispatch.nqp src/Perl6/Metamodel/MROBasedTypeChecking.nqp src/Perl6/Metamodel/Trusting.nqp src/Perl6/Metamodel/Mixins.nqp src/Perl6/Metamodel/BUILDPLAN.nqp src/Perl6/Metamodel/REPRComposeProtocol.nqp src/Perl6/Metamodel/InvocationProtocol.nqp src/Perl6/Metamodel/ParrotInterop.nqp src/Perl6/Metamodel/RolePunning.nqp src/Perl6/Metamodel/ArrayType.nqp src/Perl6/Metamodel/RoleToRoleApplier.nqp src/Perl6/Metamodel/ConcreteRoleHOW.nqp src/Perl6/Metamodel/CurriedRoleHOW.nqp src/Perl6/Metamodel/ParametricRoleHOW.nqp src/Perl6/Metamodel/ParametricRoleGroupHOW.nqp src/Perl6/Metamodel/RoleToClassApplier.nqp src/Perl6/Metamodel/ClassHOW.nqp src/Perl6/Metamodel/GrammarHOW.nqp src/Perl6/Metamodel/NativeHOW.nqp src/Perl6/Metamodel/SubsetHOW.nqp src/Perl6/Metamodel/EnumHOW.nqp src/Perl6/Metamodel/ContainerDescriptor.nqp src/Perl6/Metamodel/Dispatchers.nqp  > gen/parrot/Metamodel.nqp
/home/coke/sandbox/rakudo-star-daily/star/rakudo-star-daily/install/bin/nqp-p --target=pir --output=src/gen/perl6-metamodel.pir --encoding=utf8 \
	    --vmlibs=perl6_ops gen/parrot/Metamodel.nqp
/home/coke/sandbox/rakudo-star-daily/star/rakudo-star-daily/install/bin/parrot  -o blib/Perl6/Metamodel.pbc src/gen/perl6-metamodel.pir
/usr/bin/perl tools/build/gen-cat.pl parrot src/Perl6/Metamodel/BOOTSTRAP.nqp src/Perl6/Metamodel/EXPORTHOW.nqp  > gen/parrot/BOOTSTRAP.nqp
/home/coke/sandbox/rakudo-star-daily/star/rakudo-star-daily/install/bin/nqp-p --target=pir --output=src/gen/perl6-bootstrap.pir --encoding=utf8 \
	    --vmlibs=perl6_ops gen/parrot/BOOTSTRAP.nqp
/home/coke/sandbox/rakudo-star-daily/star/rakudo-star-daily/install/bin/parrot  -o blib/Perl6/BOOTSTRAP.pbc src/gen/perl6-bootstrap.pir
/usr/bin/perl tools/build/gen-cat.pl parrot src/core/core_prologue.pm src/core/traits.pm src/core/Positional.pm src/core/Associative.pm src/core/Callable.pm src/core/natives.pm src/core/stubs.pm src/core/control.pm src/core/Mu.pm src/core/Stringy.pm src/core/Any.pm src/core/array_slice.pm src/core/hash_slice.pm src/core/Scalar.pm src/core/Code.pm src/core/WhateverCode.pm src/core/Block.pm src/core/Attribute.pm src/core/Variable.pm src/core/Routine.pm src/core/Sub.pm src/core/Macro.pm src/core/Method.pm src/core/Submethod.pm src/core/Junction.pm src/core/Cool.pm src/core/Enumeration.pm src/core/Whatever.pm src/core/Bool.pm src/core/Numeric.pm src/core/Real.pm src/core/Int.pm src/core/Order.pm src/core/UInt64.pm src/core/Num.pm src/core/Buf.pm src/core/Str.pm src/core/Capture.pm src/core/Parcel.pm src/core/Iterable.pm src/core/Iterator.pm src/core/Nil.pm src/core/Range.pm src/core/ListIter.pm src/core/MapIter.pm src/core/GatherIter.pm src/core/List.pm src/core/LoL.pm src/core/Array.pm src/core/Enum.pm src/core/Pair.pm src/core/HashIter.pm src/core/EnumMap.pm src/core/Hash.pm src/core/Stash.pm src/core/PseudoStash.pm src/core/Parameter.pm src/core/Signature.pm src/core/Rational.pm src/core/Rat.pm src/core/Complex.pm src/core/Backtrace.pm src/core/Exception.pm src/core/Failure.pm src/core/Match.pm src/core/Cursor.pm src/core/Grammar.pm src/core/Regex.pm src/core/IO/Spec/Unix.pm src/core/IO/Spec/Win32.pm src/core/IO/Spec/Cygwin.pm src/core/IO/Spec/QNX.pm src/core/IO/Spec.pm src/core/IO.pm src/core/IO/ArgFiles.pm src/core/IO/Socket.pm src/core/IO/Socket/INET.pm src/core/AST.pm src/core/CallFrame.pm src/core/Main.pm src/core/tai-utc.pm src/core/Instant.pm src/core/Duration.pm src/core/Temporal.pm src/core/EXPORTHOW.pm src/core/Pod.pm src/core/QuantHash.pm src/core/Setty.pm src/core/Set.pm src/core/SetHash.pm src/core/Baggy.pm src/core/Bag.pm src/core/BagHash.pm src/core/Mixy.pm src/core/Mix.pm src/core/MixHash.pm src/core/set_operators.pm src/core/ObjAt.pm src/core/Version.pm src/core/ForeignCode.pm src/core/operators.pm src/core/metaops.pm src/core/precedence.pm src/core/terms.pm src/core/Deprecations.pm src/core/OS.pm src/core/core_epilogue.pm  > gen/parrot/CORE.setting
The following step can take a long time, please be patient.
./perl6-p --setting=NULL --optimize=3 --target=pir --stagestats --output=src/gen/p-CORE.setting.pir gen/parrot/CORE.setting
Stage start      :   0.000
Stage parse      : 245.832
Stage syntaxcheck:   0.000
Stage ast        :   0.000
Stage optimize   :  39.393
Stage post       :  79.196
Stage pir        :   7.207
/home/coke/sandbox/rakudo-star-daily/star/rakudo-star-daily/install/bin/parrot  -o CORE.setting.pbc src/gen/p-CORE.setting.pir
./perl6-p --target=pir  --output=src/gen/RESTRICTED.setting.pir src/RESTRICTED.setting
/home/coke/sandbox/rakudo-star-daily/star/rakudo-star-daily/install/bin/parrot  -o RESTRICTED.setting.pbc src/gen/RESTRICTED.setting.pir
./perl6-p --target=pir --output=lib/lib.pir lib/lib.pm6
./perl6-p --target=pir --output=lib/Test.pir lib/Test.pm
./perl6-p --target=pir --output=lib/Pod/To/Text.pir lib/Pod/To/Text.pm
/usr/bin/perl -MExtUtils::Command -e cp perl6-p perl6
/usr/bin/perl -MExtUtils::Command -e chmod 755  perl6
make[1]: Leaving directory `/home/coke/sandbox/rakudo-star-daily/star/rakudo-star-daily/rakudo'
cd rakudo && make install
make[1]: Entering directory `/home/coke/sandbox/rakudo-star-daily/star/rakudo-star-daily/rakudo'
/usr/bin/perl -MExtUtils::Command -e mkpath                     /home/coke/sandbox/rakudo-star-daily/star/rakudo-star-daily/install/lib/parrot/5.9.0/languages/nqp/lib/Perl6
/usr/bin/perl -MExtUtils::Command -e cp blib/Perl6/ModuleLoader.pbc         /home/coke/sandbox/rakudo-star-daily/star/rakudo-star-daily/install/lib/parrot/5.9.0/languages/nqp/lib/Perl6/ModuleLoader.pbc
/usr/bin/perl -MExtUtils::Command -e cp blib/Perl6/World.pbc          /home/coke/sandbox/rakudo-star-daily/star/rakudo-star-daily/install/lib/parrot/5.9.0/languages/nqp/lib/Perl6/World.pbc
/usr/bin/perl -MExtUtils::Command -e cp blib/Perl6/Grammar.pbc          /home/coke/sandbox/rakudo-star-daily/star/rakudo-star-daily/install/lib/parrot/5.9.0/languages/nqp/lib/Perl6/Grammar.pbc
/usr/bin/perl -MExtUtils::Command -e cp blib/Perl6/Ops.pbc        /home/coke/sandbox/rakudo-star-daily/star/rakudo-star-daily/install/lib/parrot/5.9.0/languages/nqp/lib/Perl6/Ops.pbc
/usr/bin/perl -MExtUtils::Command -e cp blib/Perl6/Actions.pbc          /home/coke/sandbox/rakudo-star-daily/star/rakudo-star-daily/install/lib/parrot/5.9.0/languages/nqp/lib/Perl6/Actions.pbc
/usr/bin/perl -MExtUtils::Command -e cp blib/Perl6/Optimizer.pbc          /home/coke/sandbox/rakudo-star-daily/star/rakudo-star-daily/install/lib/parrot/5.9.0/languages/nqp/lib/Perl6/Optimizer.pbc
/usr/bin/perl -MExtUtils::Command -e cp blib/Perl6/Pod.pbc          /home/coke/sandbox/rakudo-star-daily/star/rakudo-star-daily/install/lib/parrot/5.9.0/languages/nqp/lib/Perl6/Pod.pbc
/usr/bin/perl -MExtUtils::Command -e cp blib/Perl6/Compiler.pbc          /home/coke/sandbox/rakudo-star-daily/star/rakudo-star-daily/install/lib/parrot/5.9.0/languages/nqp/lib/Perl6/Compiler.pbc
/usr/bin/perl -MExtUtils::Command -e cp blib/Perl6/Metamodel.pbc          /home/coke/sandbox/rakudo-star-daily/star/rakudo-star-daily/install/lib/parrot/5.9.0/languages/nqp/lib/Perl6/Metamodel.pbc
/usr/bin/perl -MExtUtils::Command -e cp blib/Perl6/BOOTSTRAP.pbc          /home/coke/sandbox/rakudo-star-daily/star/rakudo-star-daily/install/lib/parrot/5.9.0/languages/nqp/lib/Perl6/BOOTSTRAP.pbc
/usr/bin/perl -MExtUtils::Command -e mkpath                     /home/coke/sandbox/rakudo-star-daily/star/rakudo-star-daily/install/lib/parrot/5.9.0/languages/perl6/lib
/usr/bin/perl -MExtUtils::Command -e cp     perl6.pbc        /home/coke/sandbox/rakudo-star-daily/star/rakudo-star-daily/install/lib/parrot/5.9.0/languages/perl6
/usr/bin/perl -MExtUtils::Command -e cp     CORE.setting.pbc      /home/coke/sandbox/rakudo-star-daily/star/rakudo-star-daily/install/lib/parrot/5.9.0/languages/perl6/lib
/usr/bin/perl -MExtUtils::Command -e cp     RESTRICTED.setting.pbc    /home/coke/sandbox/rakudo-star-daily/star/rakudo-star-daily/install/lib/parrot/5.9.0/languages/perl6/lib
/usr/bin/perl -MExtUtils::Command -e cp     lib/Test.pm         /home/coke/sandbox/rakudo-star-daily/star/rakudo-star-daily/install/lib/parrot/5.9.0/languages/perl6/lib
/usr/bin/perl -MExtUtils::Command -e cp     lib/Test.pir        /home/coke/sandbox/rakudo-star-daily/star/rakudo-star-daily/install/lib/parrot/5.9.0/languages/perl6/lib
/usr/bin/perl -MExtUtils::Command -e cp     lib/lib.pm6         /home/coke/sandbox/rakudo-star-daily/star/rakudo-star-daily/install/lib/parrot/5.9.0/languages/perl6/lib
/usr/bin/perl -MExtUtils::Command -e cp     lib/lib.pir         /home/coke/sandbox/rakudo-star-daily/star/rakudo-star-daily/install/lib/parrot/5.9.0/languages/perl6/lib
/usr/bin/perl -MExtUtils::Command -e mkpath 					  /home/coke/sandbox/rakudo-star-daily/star/rakudo-star-daily/install/lib/parrot/5.9.0/languages/perl6/lib/Pod/To
/usr/bin/perl -MExtUtils::Command -e cp     lib/Pod/To/Text.pm  /home/coke/sandbox/rakudo-star-daily/star/rakudo-star-daily/install/lib/parrot/5.9.0/languages/perl6/lib/Pod/To
/usr/bin/perl -MExtUtils::Command -e cp     lib/Pod/To/Text.pir /home/coke/sandbox/rakudo-star-daily/star/rakudo-star-daily/install/lib/parrot/5.9.0/languages/perl6/lib/Pod/To
/usr/bin/perl -MExtUtils::Command -e mkpath                     /home/coke/sandbox/rakudo-star-daily/star/rakudo-star-daily/install/lib/parrot/5.9.0/dynext
/usr/bin/perl -MExtUtils::Command -e cp     src/vm/parrot/ops/perl6_ops.so           /home/coke/sandbox/rakudo-star-daily/star/rakudo-star-daily/install/lib/parrot/5.9.0/dynext
/usr/bin/perl -MExtUtils::Command -e mkpath                     /home/coke/sandbox/rakudo-star-daily/star/rakudo-star-daily/install/bin
/usr/bin/perl -MExtUtils::Command -e cp     perl6-p        /home/coke/sandbox/rakudo-star-daily/star/rakudo-star-daily/install/bin
/usr/bin/perl -MExtUtils::Command -e chmod  755                 /home/coke/sandbox/rakudo-star-daily/star/rakudo-star-daily/install/bin/perl6-p
/usr/bin/perl -MExtUtils::Command -e mkpath                     /home/coke/sandbox/rakudo-star-daily/star/rakudo-star-daily/install/share/doc/rakudo
/usr/bin/perl -MExtUtils::Command -e mkpath                     /home/coke/sandbox/rakudo-star-daily/star/rakudo-star-daily/install/share/doc/rakudo/announce
/usr/bin/perl -MExtUtils::Command -e cp    README CREDITS LICENSE docs/*             /home/coke/sandbox/rakudo-star-daily/star/rakudo-star-daily/install/share/doc/rakudo
/usr/bin/perl -MExtUtils::Command -e cp     docs/announce/*     /home/coke/sandbox/rakudo-star-daily/star/rakudo-star-daily/install/share/doc/rakudo/announce
/usr/bin/perl -MExtUtils::Command -e mkpath /home/coke/sandbox/rakudo-star-daily/star/rakudo-star-daily/install/man/man1
/usr/bin/pod2man docs/running.pod --name=perl6 > /home/coke/sandbox/rakudo-star-daily/star/rakudo-star-daily/install/man/man1/perl6.1
/usr/bin/pod2man docs/running.pod --name=rakudo > /home/coke/sandbox/rakudo-star-daily/star/rakudo-star-daily/install/man/man1/rakudo.1
/usr/bin/perl -MExtUtils::Command -e cp     perl6-p        /home/coke/sandbox/rakudo-star-daily/star/rakudo-star-daily/install/bin/perl6
/usr/bin/perl -MExtUtils::Command -e chmod  755                 /home/coke/sandbox/rakudo-star-daily/star/rakudo-star-daily/install/bin/perl6
make[1]: Leaving directory `/home/coke/sandbox/rakudo-star-daily/star/rakudo-star-daily/rakudo'
/perl6 perl6
make: /perl6: Command not found
make: *** [rakudo-install] Error 127
