Warning: JVM backend does not yet support all modules
ATTENTION: no --prefix supplied, building and installing to /home/coke/sandbox/rakudo-star-daily/star-jvm/rakudo-star-daily/install
Building NQP ...
/home/coke/perl5/perlbrew/perls/perl-5.20.1/bin/perl Configure.pl --prefix=/home/coke/sandbox/rakudo-star-daily/star-jvm/rakudo-star-daily/install --backends=jvm --make-install
Using java version "1.7.0_91"

Cleaning up ...
/home/coke/perl5/perlbrew/perls/perl-5.20.1/bin/perl -MExtUtils::Command -e mkpath bin
javac -source 1.7 -cp 3rdparty/asm/asm-4.1.jar:3rdparty/asm/asm-tree-4.1.jar:3rdparty/jline/jline-1.0.jar:3rdparty/jna/jna.jar -g -d bin -encoding UTF8 src/vm/jvm/runtime/org/perl6/nqp/io/*.java src/vm/jvm/runtime/org/perl6/nqp/jast2bc/*.java src/vm/jvm/runtime/org/perl6/nqp/runtime/*.java src/vm/jvm/runtime/org/perl6/nqp/sixmodel/*.java src/vm/jvm/runtime/org/perl6/nqp/sixmodel/reprs/*.java src/vm/jvm/runtime/org/perl6/nqp/tools/*.java 
Note: src/vm/jvm/runtime/org/perl6/nqp/runtime/Ops.java uses unchecked or unsafe operations.
Note: Recompile with -Xlint:unchecked for details.
/home/coke/perl5/perlbrew/perls/perl-5.20.1/bin/perl tools/build/gen-jvm-properties.pl . 3rdparty/asm/asm-4.1.jar:3rdparty/asm/asm-tree-4.1.jar:3rdparty/jline/jline-1.0.jar:3rdparty/jna/jna.jar > jvmconfig.properties
/home/coke/perl5/perlbrew/perls/perl-5.20.1/bin/perl tools/build/gen-jvm-properties.pl /home/coke/sandbox/rakudo-star-daily/star-jvm/rakudo-star-daily/install 3rdparty/asm/asm-4.1.jar:3rdparty/asm/asm-tree-4.1.jar:3rdparty/jline/jline-1.0.jar:3rdparty/jna/jna.jar > bin/jvmconfig.properties
jar cf0 nqp-runtime.jar -C bin/ .
/home/coke/perl5/perlbrew/perls/perl-5.20.1/bin/perl -MExtUtils::Command -e mkpath gen/jvm/stage1
/home/coke/perl5/perlbrew/perls/perl-5.20.1/bin/perl tools/build/gen-cat.pl jvm src/how/Archetypes.nqp src/how/RoleToRoleApplier.nqp src/how/NQPConcreteRoleHOW.nqp src/how/RoleToClassApplier.nqp src/how/NQPCurriedRoleHOW.nqp src/how/NQPParametricRoleHOW.nqp src/how/NQPClassHOW.nqp src/how/NQPNativeHOW.nqp src/how/NQPAttribute.nqp src/how/NQPModuleHOW.nqp src/how/EXPORTHOW.nqp  > gen/jvm/stage1/nqpmo.nqp
java -cp src/vm/jvm/stage0 -Xbootclasspath/a:src/vm/jvm/stage0:nqp-runtime.jar:3rdparty/asm/asm-4.1.jar:3rdparty/asm/asm-tree-4.1.jar:3rdparty/jline/jline-1.0.jar:3rdparty/jna/jna.jar:src/vm/jvm/stage0/nqp.jar nqp --bootstrap --setting=NULL --no-regex-lib --target=jar \
    --output=gen/jvm/stage1/nqpmo.jar gen/jvm/stage1/nqpmo.nqp
java -cp src/vm/jvm/stage0 -Xbootclasspath/a:src/vm/jvm/stage0:nqp-runtime.jar:3rdparty/asm/asm-4.1.jar:3rdparty/asm/asm-tree-4.1.jar:3rdparty/jline/jline-1.0.jar:3rdparty/jna/jna.jar:src/vm/jvm/stage0/nqp.jar nqp --bootstrap --setting=NULL --no-regex-lib --target=jar \
    --output=gen/jvm/stage1/ModuleLoader.jar src/vm/jvm/ModuleLoader.nqp
/home/coke/perl5/perlbrew/perls/perl-5.20.1/bin/perl -MExtUtils::Command -e mkpath gen/jvm/stage1
/home/coke/perl5/perlbrew/perls/perl-5.20.1/bin/perl tools/build/gen-cat.pl jvm src/core/NativeTypes.nqp src/core/NQPRoutine.nqp src/core/NQPMu.nqp src/core/NQPCapture.nqp src/core/IO.nqp src/core/Regex.nqp src/core/Hash.nqp src/core/NQPLock.nqp src/core/testing.nqp src/core/YOUAREHERE.nqp  > gen/jvm/stage1/NQPCORE.setting
java -cp src/vm/jvm/stage0 -Xbootclasspath/a:src/vm/jvm/stage0:nqp-runtime.jar:3rdparty/asm/asm-4.1.jar:3rdparty/asm/asm-tree-4.1.jar:3rdparty/jline/jline-1.0.jar:3rdparty/jna/jna.jar:src/vm/jvm/stage0/nqp.jar nqp --bootstrap --module-path=gen/jvm/stage1 --setting=NULL --no-regex-lib --target=jar \
    --output=gen/jvm/stage1/NQPCORE.setting.jar gen/jvm/stage1/NQPCORE.setting
/home/coke/perl5/perlbrew/perls/perl-5.20.1/bin/perl -MExtUtils::Command -e mkpath gen/jvm/stage1
/home/coke/perl5/perlbrew/perls/perl-5.20.1/bin/perl tools/build/gen-cat.pl jvm src/QAST/CompileTimeValue.nqp src/QAST/SpecialArg.nqp src/QAST/Children.nqp src/QAST/Node.nqp src/QAST/NodeList.nqp src/QAST/Regex.nqp src/QAST/IVal.nqp src/QAST/NVal.nqp src/QAST/SVal.nqp src/QAST/BVal.nqp src/QAST/WVal.nqp src/QAST/Want.nqp src/QAST/Var.nqp src/QAST/VarWithFallback.nqp src/QAST/ParamTypeCheck.nqp src/QAST/Op.nqp src/QAST/VM.nqp src/QAST/Stmts.nqp src/QAST/Stmt.nqp src/QAST/Block.nqp src/QAST/Unquote.nqp src/QAST/CompUnit.nqp src/QAST/InlinePlaceholder.nqp  > gen/jvm/stage1/QASTNode.nqp
java -cp src/vm/jvm/stage0 -Xbootclasspath/a:src/vm/jvm/stage0:nqp-runtime.jar:3rdparty/asm/asm-4.1.jar:3rdparty/asm/asm-tree-4.1.jar:3rdparty/jline/jline-1.0.jar:3rdparty/jna/jna.jar:src/vm/jvm/stage0/nqp.jar nqp --bootstrap --module-path=gen/jvm/stage1 --setting-path=gen/jvm/stage1 \
         --setting=NQPCORE --no-regex-lib --target=jar \
    --output=gen/jvm/stage1/QASTNode.jar gen/jvm/stage1/QASTNode.nqp
/home/coke/perl5/perlbrew/perls/perl-5.20.1/bin/perl -MExtUtils::Command -e mkpath gen/jvm/stage1
/home/coke/perl5/perlbrew/perls/perl-5.20.1/bin/perl tools/build/gen-cat.pl jvm src/QRegex/NFA.nqp src/QRegex/Cursor.nqp  > gen/jvm/stage1/QRegex.nqp
java -cp src/vm/jvm/stage0 -Xbootclasspath/a:src/vm/jvm/stage0:nqp-runtime.jar:3rdparty/asm/asm-4.1.jar:3rdparty/asm/asm-tree-4.1.jar:3rdparty/jline/jline-1.0.jar:3rdparty/jna/jna.jar:src/vm/jvm/stage0/nqp.jar nqp --bootstrap --module-path=gen/jvm/stage1 --setting-path=gen/jvm/stage1 \
         --setting=NQPCORE --no-regex-lib --target=jar \
    --output=gen/jvm/stage1/QRegex.jar gen/jvm/stage1/QRegex.nqp
/home/coke/perl5/perlbrew/perls/perl-5.20.1/bin/perl -MExtUtils::Command -e mkpath gen/jvm/stage1
/home/coke/perl5/perlbrew/perls/perl-5.20.1/bin/perl tools/build/gen-cat.pl jvm src/vm/jvm/QAST/JASTNodes.nqp  > gen/jvm/stage1/JASTNodes.nqp
java -cp src/vm/jvm/stage0 -Xbootclasspath/a:src/vm/jvm/stage0:nqp-runtime.jar:3rdparty/asm/asm-4.1.jar:3rdparty/asm/asm-tree-4.1.jar:3rdparty/jline/jline-1.0.jar:3rdparty/jna/jna.jar:src/vm/jvm/stage0/nqp.jar nqp --bootstrap --module-path=gen/jvm/stage1 --setting-path=gen/jvm/stage1 \
         --setting=NQPCORE --no-regex-lib --target=jar \
    --output=gen/jvm/stage1/JASTNodes.jar gen/jvm/stage1/JASTNodes.nqp
/home/coke/perl5/perlbrew/perls/perl-5.20.1/bin/perl -MExtUtils::Command -e mkpath gen/jvm/stage1
/home/coke/perl5/perlbrew/perls/perl-5.20.1/bin/perl tools/build/gen-cat.pl jvm src/vm/jvm/HLL/Backend.nqp src/HLL/Grammar.nqp src/HLL/Actions.nqp src/HLL/Compiler.nqp src/HLL/CommandLine.nqp src/HLL/World.nqp src/HLL/sprintf.nqp  > gen/jvm/stage1/NQPHLL.nqp
java -cp src/vm/jvm/stage0 -Xbootclasspath/a:src/vm/jvm/stage0:nqp-runtime.jar:3rdparty/asm/asm-4.1.jar:3rdparty/asm/asm-tree-4.1.jar:3rdparty/jline/jline-1.0.jar:3rdparty/jna/jna.jar:src/vm/jvm/stage0/nqp.jar nqp --bootstrap --module-path=gen/jvm/stage1 --setting-path=gen/jvm/stage1 \
         --setting=NQPCORE --no-regex-lib --target=jar \
    --output=gen/jvm/stage1/NQPHLL.jar gen/jvm/stage1/NQPHLL.nqp
Error while compiling op lexotic: Method 'jast' not found for invocant of class 'NQPMu'
  in as_jast (gen/jvm/stage2/QAST.nqp:4114)
  in as_jast (gen/jvm/stage2/QAST.nqp:3248)
  in compile_all_the_stmts (gen/jvm/stage2/QAST.nqp:4080)
  in  (gen/jvm/stage2/QAST.nqp:3662)
  in  (gen/jvm/stage2/QAST.nqp:3659)
  in as_jast (gen/jvm/stage2/QAST.nqp:3605)
  in as_jast (gen/jvm/stage2/QAST.nqp:3245)
  in compile_all_the_stmts (gen/jvm/stage2/QAST.nqp:4077)
  in as_jast (gen/jvm/stage2/QAST.nqp:4039)
  in as_jast (gen/jvm/stage2/QAST.nqp:3245)
  in compile_all_the_stmts (gen/jvm/stage2/QAST.nqp:4077)
  in as_jast (gen/jvm/stage2/QAST.nqp:4039)
  in as_jast (gen/jvm/stage2/QAST.nqp:3248)
  in compile_all_the_stmts (gen/jvm/stage2/QAST.nqp:4080)
  in  (gen/jvm/stage2/QAST.nqp:3662)
  in  (gen/jvm/stage2/QAST.nqp:3659)
  in as_jast (gen/jvm/stage2/QAST.nqp:3605)
  in as_jast (gen/jvm/stage2/QAST.nqp:3245)
  in compile_all_the_stmts (gen/jvm/stage2/QAST.nqp:4077)
  in as_jast (gen/jvm/stage2/QAST.nqp:4039)
  in as_jast (gen/jvm/stage2/QAST.nqp:3245)
  in compile_all_the_stmts (gen/jvm/stage2/QAST.nqp:4077)
  in as_jast (gen/jvm/stage2/QAST.nqp:4039)
  in as_jast (gen/jvm/stage2/QAST.nqp:3245)
  in compile_all_the_stmts (gen/jvm/stage2/QAST.nqp:4077)
  in  (gen/jvm/stage2/QAST.nqp:3662)
  in  (gen/jvm/stage2/QAST.nqp:3659)
  in as_jast (gen/jvm/stage2/QAST.nqp:3605)
  in as_jast (gen/jvm/stage2/QAST.nqp:3248)
  in as_jast (gen/jvm/stage2/QAST.nqp:3302)
  in as_jast (gen/jvm/stage2/QAST.nqp:3248)
  in jast (gen/jvm/stage2/QAST.nqp:3114)
  in jast (gen/jvm/stage2/NQPHLL.nqp:68)
  in compile (gen/jvm/stage2/NQPHLL.nqp:1419)
  in eval (gen/jvm/stage2/NQPHLL.nqp:1153)
  in evalfiles (gen/jvm/stage2/NQPHLL.nqp:1373)
  in command_eval (gen/jvm/stage2/NQPHLL.nqp:1267)
  in command_line (gen/jvm/stage2/NQPHLL.nqp:1241)
  in MAIN (gen/jvm/stage2/NQP.nqp:4109)
  in <mainline> (gen/jvm/stage2/NQP.nqp:4105)
  in  (gen/jvm/stage2/NQP.nqp)
Makefile:260: recipe for target 'gen/jvm/stage1/NQPHLL.jar' failed
make: *** [gen/jvm/stage1/NQPHLL.jar] Error 1
Command failed (status 512): make
Command failed (status 512): /home/coke/perl5/perlbrew/perls/perl-5.20.1/bin/perl Configure.pl --prefix=/home/coke/sandbox/rakudo-star-daily/star-jvm/rakudo-star-daily/install --backends=jvm --make-install
