OpenJDK Runtime Environment (IcedTea 2.6.3) (7u91-2.6.3-1~deb8u1)
OpenJDK 64-Bit Server VM (build 24.91-b01, mixed mode)
Rakudo
Bend-756-g82e6ca2
NQP
2015.11-146-g9d05ece
modules
--------
Bailador
commit ce40ad48304469f86592b8883a6a3bbd6c2b1fb1
Merge: b0499a7 24f0ca5
Author: Tadeusz Sośnierz <tadeusz.sosnierz@onet.pl>
Date:   Sat Oct 31 20:08:35 2015 +0100

    Merge pull request #41 from sergot/master
    
    Add MIT License

commit 24f0ca521b84ea95596bae30b6fc9310ffc79fcc
Author: Filip Sergot <filip@sergot.pl>
Date:   Sat Oct 31 20:03:17 2015 +0100

    Add MIT License
--------
DBIish
commit b2f086c20574361c0b8d31576c7a9c1698ba8ad0
Merge: f1be21e 552c877
Author: Skarsnik <scolinet@gmail.com>
Date:   Wed Dec 16 00:01:40 2015 +0100

    Merge pull request #35 from Skarsnik/master
    
    Add row and allrows method that return typed value when possible and offer adverbs to change the way values are returned

commit 552c877f4db83f08eb4df75f129ab1a08cff4743
Author: Sylvain Colinet <scolinet@gmail.com>
Date:   Tue Dec 15 18:11:35 2015 +0100

    Fix a potential bug§

commit 3ab2aba297e573e0eaf5944b53c89ebe06bcd0a6
Author: Sylvain Colinet <scolinet@gmail.com>
Date:   Tue Dec 15 14:21:13 2015 +0100

    Add a test for Meta. Improve/fix the documentation

commit 48308c71512b5b8ce05f1fbd7c356ffb68bcb1d9
Author: Sylvain Colinet <scolinet@gmail.com>
Date:   Mon Dec 14 21:03:59 2015 +0100

    Mark a test as TODO

commit f5644787235bc856d5dec91d3d51876c2d24f847
Author: Sylvain Colinet <scolinet@gmail.com>
Date:   Mon Dec 14 20:48:07 2015 +0100

    Yay mysql work too

commit e951e70cb0885686e34d4070162a3b39045d6a65
Author: Sylvain Colinet <scolinet@gmail.com>
Date:   Mon Dec 14 20:46:51 2015 +0100

    small fix in TestMock

commit 3022a8b5770156a19bfc0fbc91ebd7cb24655a9b
Author: Sylvain Colinet <scolinet@gmail.com>
Date:   Fri Dec 11 15:34:06 2015 +0100

    mysql server, y u no work on my env

commit 0d5a8c25ffd52f5c68018a8b5d1a55162cdacb93
Author: Sylvain Colinet <scolinet@gmail.com>
Date:   Fri Dec 11 15:12:20 2015 +0100

    This commit should not stay, it's to make test pass for mysql on travis

commit bb054514141b98dd214970f5063053375c8c9d1f
Author: Sylvain Colinet <scolinet@gmail.com>
Date:   Thu Dec 10 18:14:59 2015 +0100

    Updated Meta.info to match master

commit 430fc460641033b178d24dea3b36d90828f68dc4
Author: Sylvain Colinet <scolinet@gmail.com>
Date:   Thu Dec 10 17:47:06 2015 +0100

    This should make mysql work? I hope not

commit d38bbc70ecd3099df9234b3f6a6f9bb34d2a0fb8
Author: Sylvain Colinet <scolinet@gmail.com>
Date:   Thu Dec 10 15:01:31 2015 +0100

    Does that fix error with rakudo (again)?

commit d4cdffb401fd2e4f0d7aadda19650f6bc1538498
Author: Sylvain Colinet <scolinet@gmail.com>
Date:   Thu Dec 10 14:51:19 2015 +0100

    Does that fix error with rakudo?

commit 8ef06071475def035ede889cc88c9e0d6496dd4f
Author: Sylvain Colinet <scolinet@gmail.com>
Date:   Thu Dec 10 14:13:30 2015 +0100

    Fix test for Num to Real. Need probably more though on this

commit 2b19f2973c3cf497236dcb1aeec597c9902b16b2
Author: Sylvain Colinet <scolinet@gmail.com>
Date:   Thu Dec 10 13:10:26 2015 +0100

    add _row to testmoch

commit 673f0fed253e8ff4add06a2adc38657075a0762f
Author: Sylvain Colinet <scolinet@gmail.com>
Date:   Thu Dec 10 12:34:11 2015 +0100

    Add typed data in mysql (need testing?)

commit 4de03a2a91918c676a66b84ca581f45ecad9d263
Author: Sylvain Colinet <scolinet@gmail.com>
Date:   Thu Dec 10 12:32:24 2015 +0100

    Add some test to validate the NativeCall stuff. Fix mysql nativetype

commit af35c4ce12682dbbce043388ccaea96a8e1f2632
Author: Sylvain Colinet <scolinet@gmail.com>
Date:   Tue Dec 1 23:48:13 2015 +0100

    Fix example

commit 86afabd7a8972c7d72feeddfa205551ae1f04520
Author: Sylvain Colinet <scolinet@gmail.com>
Date:   Tue Dec 1 22:15:19 2015 +0100

    Add a bit of documentation

commit 6bf60198fb11cdacc4a4ef136f9ca52114d63a84
Author: Sylvain Colinet <scolinet@gmail.com>
Date:   Tue Dec 1 22:00:57 2015 +0100

    removing leftover

commit d131267f8855cf8ea4588202469dcba357f548c2
Author: Sylvain Colinet <scolinet@gmail.com>
Date:   Tue Dec 1 21:59:29 2015 +0100

    Remove deprecated for nearly all fetch

commit 5b9c71adc8603dfe4ea3046c5b2e7dd73adc0a6c
Author: Sylvain Colinet <scolinet@gmail.com>
Date:   Tue Dec 1 17:27:16 2015 +0100

    Time to break some DBIis based code, added allrows()

commit 072a782a44034302724043dbbef6293cc5f7abe7
Author: Sylvain Colinet <scolinet@gmail.com>
Date:   Sun Nov 29 15:47:29 2015 +0100

    Start of the mess that break everything
--------
Grammar-Profiler-Simple
commit f828d80e3774a5c81033027e8d8be4f66d1e7db1
Merge: 14bbe29 56d505e
Author: Jonathan Scott Duff <perlpilot@pobox.com>
Date:   Sun Mar 29 22:14:39 2015 -0500

    Merge pull request #2 from FROGGS/patch-1
    
    add provides section for latest panda (S11 support)

commit 56d505e70ef44daf5a76b8d674289300dd9053ad
Author: Tobias Leich <email@froggs.de>
Date:   Sun Mar 29 15:48:59 2015 +0200

    add provides section for latest panda (S11 support)
--------
Linenoise
commit 20690178684614d37caeade505316ac4aaf411b6
Author: Rob Hoelz <rob@hoelz.ro>
Date:   Sun Dec 20 17:58:03 2015 -0600

    Add version and auth information to Linenoise
--------
MODULES.txt
commit 5b7b2679d3c449550aba6eb016e03c6ef5c23d93
Merge: ed5d4d8 b1970f8
Author: Moritz Lenz <moritz@faui2k3.org>
Date:   Thu Dec 3 22:38:57 2015 +0100

    Merge pull request #58 from stmuk/master
    
    reimport cheatsheet from mu repo golden source

commit b1970f865e356326c0b1e8689fba1171d2717264
Author: Steve Mynott <steve.mynott@gmail.com>
Date:   Thu Dec 3 21:35:16 2015 +0000

    reimport from mu repo golden source
--------
PSGI
commit 624b70f4abac85d743870fc2bbab5da8fcf41f8b
Author: Timothy Totten <2010@huri.net>
Date:   Wed Dec 2 10:51:33 2015 -0800

    META.info -> META6.json, added .travis.yml from hiroraba.
--------
Perl6-MIME-Base64
commit 17d654e0a929772e89908a1b3ec3781bec8055e1
Merge: 0aecf03 fdacc0f
Author: Moritz Lenz <moritz@faui2k3.org>
Date:   Sat Oct 17 15:55:41 2015 +0200

    Merge pull request #7 from fayland/travis
    
    add .travis.yml

commit fdacc0f5ca60b61bd31667abffda8be491443383
Author: Fayland Lam <fayland@gmail.com>
Date:   Sat Oct 17 21:41:18 2015 +0800

    add .travis.yml
--------
Pod-To-HTML
commit 9b4c4963cb90851e53ed315ea9e0965730d4ad9b
Author: Brock Wilcox <bwilcox@optoro.com>
Date:   Wed Dec 23 01:08:49 2015 -0500

    Put back test now that it passes
--------
Template-Mojo
commit 351fee475a36ce922745dc203980c857db0d1304
Merge: e302893 ef14fec
Author: Tadeusz Sośnierz <tadeusz.sosnierz@onet.pl>
Date:   Tue Dec 22 16:10:47 2015 +0100

    Merge pull request #23 from hankache/patch-1
    
    use MONKEY-SEE-NO-EVAL;

commit ef14fecd7e7cc62c08cdd88c7ff0206b2d2f94cf
Author: Naoum Hankache <naoum88@gmail.com>
Date:   Tue Dec 22 10:03:07 2015 +0200

    use MONKEY-SEE-NO-EVAL;
    
    EVAL doesn't work anymore unless this pragma is used:
    use MONKEY-SEE-NO-EVAL;
--------
Terminal-ANSIColor
commit d79350878aaefb303406c9a9ab5695c7f83d056f
Merge: 29e7c1e b685d13
Author: Tadeusz Sośnierz <tadeusz.sosnierz@onet.pl>
Date:   Mon Oct 26 18:26:40 2015 +0100

    Merge pull request #2 from szabgab/travis
    
    Add travis configuration file

commit b685d13e15443702ae05ba007683cc003ea12f97
Author: Gabor Szabo <gabor@szabgab.com>
Date:   Sat Oct 24 07:21:07 2015 +0300

    Add travis configuration file
--------
debugger-ui-commandline
commit b73170b96957400cc37a5fbc4127d4c6898dba6d
Merge: 8555209 30cc22c
Author: Jonathan Worthington <jnthn@jnthn.net>
Date:   Mon Sep 14 18:17:53 2015 +0200

    Merge pull request #31 from Leont/ansicolor
    
    Switch to renamed Terminal::ANSIColor

commit 30cc22cd05dce2a4b5ee8929a178506594c1c6e9
Author: Leon Timmermans <fawaka@gmail.com>
Date:   Mon Sep 14 16:56:20 2015 +0200

    Switch to renamed Terminal::ANSIColor
--------
doc
commit f23805a19c45e1c15cf455a478e310cda0453648
Merge: 78410e8 ec2d529
Author: Sylvain Colinet <scolinet@gmail.com>
Date:   Wed Dec 23 19:18:56 2015 +0100

    Merge branch 'master' of https://github.com/perl6/doc

commit ec2d529d4ef145924cb971d6466344c77dc016be
Author: Steve Mynott <steve.mynott@gmail.com>
Date:   Wed Dec 23 16:03:31 2015 +0000

    use EVALFILE not EVAL

commit d8f36f30cceb72b074b98f29de9f68fb11d2fb5e
Author: Steve Mynott <steve.mynott@gmail.com>
Date:   Wed Dec 23 16:03:14 2015 +0000

    fix p6doc CLI index generation

commit 2cc8c2f9e6e7e6e61da236467cdfac9f4e833b48
Author: Moritz Lenz <moritz@faui2k3.org>
Date:   Wed Dec 23 08:36:51 2015 +0100

    SSLify some links

commit 07a3825c3d70fc051d5b085b9919186306447941
Author: Brock Wilcox <bwilcox@optoro.com>
Date:   Wed Dec 23 01:26:14 2015 -0500

    No space in reference to an actual module name

commit 8a134ae43db726744f1e982ed7acd7297820c2b4
Author: Brock Wilcox <bwilcox@optoro.com>
Date:   Wed Dec 23 01:23:44 2015 -0500

    Mass change Perl6 -> Perl 6

commit 876ac46b5515fc097c564dcc8e09fb1ee6162dde
Author: Steve Mynott <steve.mynott@gmail.com>
Date:   Tue Dec 22 22:13:44 2015 +0000

    Some quick fixes to get basic p6doc usage working post-curli.
    
    Needs more attention since -f index etc. doesn't work.

commit cc397c0c93ddd0cb932bdddf0bfef92942f3323f
Author: ab5tract <john.haltiwanger@gmail.com>
Date:   Mon Dec 21 19:28:15 2015 -0500

    Document in-place editing of hash values

commit 809fde65d9837ac7ff785d4faa260a935be8230c
Author: ab5tract <john.haltiwanger@gmail.com>
Date:   Mon Dec 21 19:01:53 2015 -0500

    Make the example work for more than two instants

commit c717bda02bc1143bf97bd13915bc3a89ff4e5caf
Merge: 006910f ce1302c
Author: nxadm <nxadm@users.noreply.github.com>
Date:   Mon Dec 21 20:05:02 2015 +0100

    Merge pull request #257 from nxadm/master
    
    META.info: author -> authors

commit ce1302cb1724213d4459465e01549a2f217e2269
Author: Claudio Ramirez <pub.claudio@gmail.com>
Date:   Mon Dec 21 20:02:28 2015 +0100

    META.info: author -> authord

commit 006910f81afb8734c8e0051637239aa544b5424e
Author: Karl Rune Nilsen <krunen@gmail.com>
Date:   Mon Dec 21 19:41:21 2015 +0100

    Attribute.has-accessor -> has_accessor

commit c154746fd356135e55aa7cf264707b197087f339
Author: Jonathan Stowe <jns+git@gellyfish.co.uk>
Date:   Mon Dec 21 17:22:01 2015 +0000

    Somewhat describe the resources thing in modules doc

commit 0816047f2265d04d552e0607edd8ef1ee301e1b7
Author: Jonathan Stowe <jns+git@gellyfish.co.uk>
Date:   Mon Dec 21 16:52:16 2015 +0000

    Move splice() from List to Array
    
    fixes #254

commit 1dd77e8a2f2fb30742453d8ccd093d19331d6672
Merge: 85fbee8 3d03f5c
Author: Jonathan Stowe <jns@gellyfish.co.uk>
Date:   Mon Dec 21 16:45:26 2015 +0000

    Merge pull request #255 from ChoHag/master
    
    Clear as mud - be explicit about the definition of 'module'.

commit 3d03f5cb00acda8c3d9278543806015f3a900caf
Author: Matthew King <matthew.king@monnsta.net>
Date:   Mon Dec 21 18:12:53 2015 +0200

    Clear as mud - be explicit about the definition of 'module'.

commit 85fbee871447c05dd1c246d10014f52f06ac9678
Author: Jonathan Stowe <jns+git@gellyfish.co.uk>
Date:   Mon Dec 21 14:09:38 2015 +0000

    Add the new UDP related methods

commit 40d7d6c8d269e75a7df23f5a5959e5e8693eeebd
Author: Jonathan Stowe <jns+git@gellyfish.co.uk>
Date:   Mon Dec 21 11:48:04 2015 +0000

    chars-supply and bytes-supply gone

commit 32cd4374055b57bb009c8f6683181223c9b91f9e
Author: Brock Wilcox <bwilcox@optoro.com>
Date:   Sun Dec 20 20:11:01 2015 -0500

    Document :{ ... } hash literal syntax

commit 06e2aec9c3875c2af2e18091ee85608fc049c7f4
Author: Brock Wilcox <bwilcox@optoro.com>
Date:   Sun Dec 20 19:59:56 2015 -0500

    Index nativecall

commit 58af38ebb43e4ba35bad1ff94a6bdab2a06447df
Author: Brock Wilcox <bwilcox@optoro.com>
Date:   Sun Dec 20 19:53:20 2015 -0500

    Remove last reference to first-index

commit ddc42d336b7ee04cb087275fb774a7b3e9c1d63a
Author: Brock Wilcox <bwilcox@optoro.com>
Date:   Sun Dec 20 19:07:52 2015 -0500

    Add a bunch of testing subs to the search index

commit 6b644bd76b164ef56e0974d9f536d53a6cdc9062
Author: Brock Wilcox <bwilcox@optoro.com>
Date:   Sun Dec 20 19:01:58 2015 -0500

    Document EVAL a bit

commit b21bc8f65837a32f1af29d3dca7092dc21ab8384
Author: Steve Mynott <steve.mynott@gmail.com>
Date:   Sun Dec 20 20:06:45 2015 +0000

    MONKEY-SEE-NO-EVAL Skarsnik++

commit 54b29f1b6b9593a133ce116d33a801fec4fec85d
Author: Steve Mynott <steve.mynott@gmail.com>
Date:   Sun Dec 20 20:02:37 2015 +0000

    use MONKEY-SEE-NO-EVAL until we have a better serialisation
--------
file-find
commit d3e2be709aeb2479dc02b154fdc179fe7a077d83
Merge: b1a7dca d85150d
Author: Tadeusz Sośnierz <tadeusz.sosnierz@onet.pl>
Date:   Tue Nov 24 00:38:40 2015 +0100

    Merge pull request #16 from vendethiel/patch-1
    
    Document `exclude`

commit d85150da65a06f8b2b117bdc12aba89e3f9868ca
Author: ven <vendethiel@hotmail.fr>
Date:   Fri Nov 20 16:08:34 2015 +0100

    Document `exclude`
--------
grammar-debugger
commit c1495065a9714845e95e9aa5607ebfda7b6beb87
Merge: 2791cee 0f6f133
Author: Jonathan Worthington <jnthn@jnthn.net>
Date:   Mon Oct 26 18:30:04 2015 +0100

    Merge pull request #21 from FROGGS/master
    
    unbreak the debugger

commit 0f6f133ad786746f09ae0db334d4e1dc344b4a41
Author: Tobias Leich <email@froggs.de>
Date:   Thu Oct 22 15:41:35 2015 +0200

    unbreak the debugger
    
    A rakudo patch that is meant to make autothreading of junctions
    work on the LHS of a smartmatch forces us to care about Mu/Any.
    
    See: https://github.com/rakudo/rakudo/commit/5d83db
--------
json
commit c75a04c1b31665b6a569dc954916a96ad7763edc
Merge: 2484983 ef41b31
Author: Jonathan Worthington <jnthn@jnthn.net>
Date:   Sun Nov 29 22:43:27 2015 +0100

    Merge pull request #20 from Mouq/master
    
    Fix tests on latest Rakudo

commit ef41b3160abcc41f42755f3c86b57dd0619b25fe
Author: Mouq <alexmoquin@gmail.com>
Date:   Sun Nov 29 16:22:09 2015 -0500

    @*INC is dead, long live CURLI
--------
json_fast
commit 8ad8c77954090495856a11ae9da1e38d74128706
Merge: be150dd c3bc033
Author: timo <timonator@perpetuum-immobile.de>
Date:   Wed Dec 9 13:06:41 2015 +0100

    Merge pull request #8 from zoffixznet/fix-freeze
    
    Fix freezing issue during tests (zoffix++ lucasb++)

commit c3bc0331743f112aa08fd73ba32e89a6ece7d194
Author: Zoffix Znet <cpan@zoffix.com>
Date:   Tue Dec 8 19:28:51 2015 -0500

    Fix freezing issue during tests
--------
jsonrpc
commit 2aaf5bf096ca5b40c59d49972ccaf5b8b988665e
Merge: 8fe75ac 9b29320
Author: Pawel Pabian <bbkr@post.pl>
Date:   Sat Dec 5 22:14:28 2015 +0100

    Merge pull request #24 from zoffixznet/fix-inc
    
    Fix removed @*INC

commit 9b29320a9fa8749c95469cf8f6ccff56d3e32924
Author: Zoffix Znet <cpan@zoffix.com>
Date:   Fri Dec 4 18:49:06 2015 -0500

    Fix removed @*INC
--------
library-make
commit 8ab4b23a981ebfd63a74c11d1398750a472195aa
Author: Andrew Egeler <andrew@egeler.us>
Date:   Fri Dec 11 20:09:16 2015 -0500

    Update docs for %?RESOURCES
--------
p6-File-Temp
commit f988468d7634af410e40d4fbd56c6b4ccbaffaab
Author: Jonathan Scott Duff <duff@pobox.com>
Date:   Thu Nov 5 12:20:34 2015 -0600

    switch to semver; bump version
--------
p6-Template-Mustache
commit 223a8fb24732a7869279de3a42b465407644fe8e
Author: Tim Smith <tim.dolores@gmail.com>
Date:   Sat Oct 17 22:30:59 2015 -0600

    Switch from LGPL to Artistic 2.0
    
    No big reason here, but Artistic is conventional for Perl modules.
    [ci skip]
--------
p6-file-directory-tree
commit 9970d80c0404f640eeda3c623c39a13496c9a0b2
Author: Brent Laabs <blaabs@perceptyx.com>
Date:   Sat Dec 19 01:49:33 2015 -0800

    Add Travis CI
--------
panda
commit 33c496e5172f24889fe8efd341c2ebe3839072f4
Merge: 778c6d4 6073de4
Author: lizmat <liz@dijkmat.nl>
Date:   Mon Dec 21 12:40:58 2015 +0100

    Merge pull request #267 from skids/aloha_as
    
    Remove all uses of "as" and replace with coercive types

commit 6073de4c0bc349d467347e7d2647a6cdb33b74c7
Author: skids <bri@abrij.org>
Date:   Sun Dec 20 22:07:14 2015 -0500

    Remove all uses of "as" and replace with coercive types
--------
perl6-digest-md5
commit 556a1bba2a4d4cd05c3aad71ff1f95a96f70e41b
Merge: fff52cb 032eb4a
Author: Cosimo Streppone <cosimo@cpan.org>
Date:   Fri Nov 20 23:35:57 2015 +0100

    Merge pull request #19 from p6-pdf/latin1
    
    use 8-bit latin-1 encoding

commit 032eb4a7e428f06c74b609c6c5368294d9cdaae0
Author: David Warring <david.warring@gmail.com>
Date:   Tue Nov 17 23:46:59 2015 +0000

    use latin-1 encoding - addresses #17
--------
perl6-http-easy
commit 15659be138eac87be3c1865a1ee2989a0fb11a3d
Author: Timothy Totten <2010@huri.net>
Date:   Wed Dec 2 11:16:08 2015 -0800

    Re-enabled container infrastructure in Travis CI
--------
perl6-http-status
commit a026ba89bcbad16344d988bf1212cc66bb5de6b7
Merge: 7f1fe69 a695899
Author: Timothy Totten <2009@huri.net>
Date:   Sat Dec 5 21:09:31 2015 -0800

    Merge pull request #9 from zoffixznet/fix-inc
    
    Fix removed @*INC

commit a695899481ec4b9901a52b1eff0df373766dc654
Author: Zoffix Znet <cpan@zoffix.com>
Date:   Fri Dec 4 19:36:20 2015 -0500

    Fix removed @*INC
--------
perl6-lwp-simple
commit 41c5370e7d770d5ec5f77c659ac05dc8432cd6d7
Merge: 301b8c1 4c6631d
Author: Moritz Lenz <moritz@faui2k3.org>
Date:   Fri Nov 6 20:24:54 2015 +0100

    Merge pull request #65 from jonathanstowe/master
    
    Fix the t/get-unsized.t test

commit 4c6631d82b3bee18b365983e38b00b97342494a9
Author: Jonathan Stowe <jns+git@gellyfish.co.uk>
Date:   Wed Nov 4 23:27:11 2015 +0000

    After changes to the way that \r\n is handled
    there may be come changes needed.  This appears to work.
    
    Fixes #64
--------
shell-command
commit 8a6381cd4fc2c2a98bbc0642efaf4aa6473a6339
Merge: dd8da5e ecf0862
Author: Tadeusz Sośnierz <tadeusz.sosnierz@onet.pl>
Date:   Fri Oct 23 17:05:08 2015 +0200

    Merge pull request #7 from softmoth/master
    
    Add simple which() routine, and Travis-CI

commit ecf0862c5b9ff6a5b4417d0c2baecd8e100d5229
Author: Tim Smith <tim.dolores@gmail.com>
Date:   Wed Oct 14 17:27:50 2015 -0600

    Add Travis-CI integration

commit e757695b428d73d4c0fd3e048a1f78924fc23802
Author: Tim Smith <tim.dolores@gmail.com>
Date:   Wed Oct 14 17:20:35 2015 -0600

    Add which() routine
--------
svg
commit 26edc3bd93e3532163b9f2424ca9058c7bb946a5
Merge: 81804e0 65d4730
Author: Moritz Lenz <moritz@faui2k3.org>
Date:   Mon Aug 31 12:19:14 2015 +0200

    Merge pull request #3 from laben/master
    
    Adjust code for glr

commit 65d4730baf5e7fc3fa1c43c3ac8f28aa3f4538f7
Author: laben <labensigma@gmail.com>
Date:   Sun Aug 30 21:15:59 2015 +0200

    Adjust code for glr
--------
svg-plot
commit f88d0b73e955f7ff00bf8d5d0fefa03894922902
Author: Moritz Lenz <moritz@faui2k3.org>
Date:   Sun Nov 29 22:49:14 2015 +0100

    No more @*INC
--------
test-mock
commit 99c7a9a5c86847a6555364e0904449bff76b0197
Merge: 53e8512 3717c00
Author: Jonathan Worthington <jnthn@jnthn.net>
Date:   Tue Sep 8 17:43:43 2015 +0200

    Merge pull request #7 from laben/master
    
    Adjust code for glr

commit 3717c00e78650eb67921fff7ee96d1e3398fe3b8
Author: laben <labensigma@gmail.com>
Date:   Sun Aug 30 20:09:25 2015 +0200

    Adjust code for glr
--------
ufo
commit 425ba45fed64644788fdf6b0997ef1c4a807e3b6
Merge: 915a2ae 5966dbe
Author: Carl Mäsak <cmasak@gmail.com>
Date:   Thu Nov 12 13:51:27 2015 +0100

    Merge pull request #29 from andreoss/master
    
    Fix .buildrule for GLR.

commit 5966dbea10301a240c6a6d40427ec00582666663
Author: andreoss <andreoss@sdf.org>
Date:   Fri Nov 6 03:02:13 2015 -0500

    Fix .buildrule for GLR.
    .map returs a Seq, use hyper op instead.
--------
uri
commit 6bf653bf6f8162689586b06912d3e60e0095bbff
Merge: ffa39b3 bff49f1
Author: Ronald Schmidt <ronaldxs@software-path.com>
Date:   Thu Nov 19 21:18:24 2015 -0500

    Merge pull request #26 from ronaldxs/master
    
    Fix broken version<> to ver<> and few other small things.

commit bff49f1e492492cf27caf58fc1308d50411ca297
Author: Ronald Schmidt <ronaldxs@software-path.com>
Date:   Thu Nov 19 21:08:35 2015 -0500

    change incorrect version<> to ver<>

commit 40f322f3d9c8d636c282c18ac2fff1c46fbf8752
Author: Ronald Schmidt <ronaldxs@software-path.com>
Date:   Tue Nov 3 18:09:03 2015 -0500

    minor fixes, mostly style
--------
xml-writer
commit c230464a2cd5ed1c19fcba9acd496d72d227fd1f
Merge: 7452ca1 90a5fc0
Author: Moritz Lenz <moritz@faui2k3.org>
Date:   Sat Aug 29 14:42:28 2015 +0200

    Merge pull request #5 from laben/master
    
    Adjust tests to newer conventions

commit 90a5fc02c4c4769d82545d29de1f4de17554d893
Author: laben <labensigma@gmail.com>
Date:   Sat Aug 29 12:25:45 2015 +0200

    Adjust tests to newer conventions
