
Configuring and building MoarVM ...
/usr/bin/perl Configure.pl --optimize --prefix=/home/coke/sandbox/rakudo-star-daily/star-MoarVM/rakudo-star-daily/install --make-install
Welcome to MoarVM!

Configuring native build environment ................... OK
    probing whether your compiler thinks that it is gcc  YES
    probing how your compiler does static inline ....... static __inline__
    your CPU can read unaligned values for all of int32 int64 num64
    probing the size of pointers ....................... 8
    probing computed goto support ...................... YES

        make: make
     compile: gcc  -O1 -DNDEBUG  -D_REENTRANT -D_FILE_OFFSET_BITS=64 -fPIC
        link: gcc  -O1 -DNDEBUG -Wl,-rpath,@prefix@/lib
        libs: -lm -lpthread -lrt -ldl

  byte order: little endian

Configuring 3rdparty libs .............................. OK

  3rdparty: 3rdparty/dyncall/dyncall/libdyncall_s.a
            3rdparty/dyncall/dyncallback/libdyncallback_s.a
            3rdparty/dyncall/dynload/libdynload_s.a
            3rdparty/libatomic_ops/src/libatomic_ops.a
            3rdparty/libtommath/libtommath.a
            3rdparty/libuv/libuv.a
            3rdparty/linenoise/liblinenoise.a
            3rdparty/sha1/libsha1.a
            3rdparty/tinymt/libtinymt.a

Generating src/gen/config.c ............................ OK
Generating src/gen/config.h ............................ OK
Generating Makefile .................................... OK
Generating tools/check.mk .............................. OK

Configuration SUCCESS.

Type 'make' to build and 'make help' to see a list of
available make targets.
compiling src/main.o
In file included from src/main.c:4:0:
src/moar.h:21:16: fatal error: uv.h: No such file or directory
 #include <uv.h>
                ^
compilation terminated.
make: *** [src/main.o] Error 1
Building NQP ...
/usr/bin/perl Configure.pl --prefix=/home/coke/sandbox/rakudo-star-daily/star-MoarVM/rakudo-star-daily/install --backends=moar --make-install
Can't exec "/home/coke/sandbox/rakudo-star-daily/star-MoarVM/rakudo-star-daily/install/bin/moar": No such file or directory at tools/lib/NQP/Configure.pm line 432.

===SORRY!===
No suitable MoarVM (moar executable) found using the --prefix
(You can get a MoarVM built automatically with --gen-moar.)

Command failed (status 512): /usr/bin/perl Configure.pl --prefix=/home/coke/sandbox/rakudo-star-daily/star-MoarVM/rakudo-star-daily/install --backends=moar --make-install
