Rakudo
HongKong-18-gfbf229c
NQP
2014.09-4-g1f0d522
modules
--------
DBIish
commit 77018e1bf1e0a865cd69fd4abaffef618e7954e6
Author: Tobias Leich <email@froggs.de>
Date:   Sat Sep 20 06:50:45 2014 +0200

    bump Digest::MD5 revision
--------
Grammar-Profiler-Simple
commit 77018e1bf1e0a865cd69fd4abaffef618e7954e6
Author: Tobias Leich <email@froggs.de>
Date:   Sat Sep 20 06:50:45 2014 +0200

    bump Digest::MD5 revision
--------
MODULES.txt
commit 77018e1bf1e0a865cd69fd4abaffef618e7954e6
Author: Tobias Leich <email@froggs.de>
Date:   Sat Sep 20 06:50:45 2014 +0200

    bump Digest::MD5 revision
--------
Math-Model
commit 77018e1bf1e0a865cd69fd4abaffef618e7954e6
Author: Tobias Leich <email@froggs.de>
Date:   Sat Sep 20 06:50:45 2014 +0200

    bump Digest::MD5 revision
--------
Math-RungeKutta
commit 77018e1bf1e0a865cd69fd4abaffef618e7954e6
Author: Tobias Leich <email@froggs.de>
Date:   Sat Sep 20 06:50:45 2014 +0200

    bump Digest::MD5 revision
--------
PSGI
commit 77018e1bf1e0a865cd69fd4abaffef618e7954e6
Author: Tobias Leich <email@froggs.de>
Date:   Sat Sep 20 06:50:45 2014 +0200

    bump Digest::MD5 revision
--------
Perl6-MIME-Base64
commit 77018e1bf1e0a865cd69fd4abaffef618e7954e6
Author: Tobias Leich <email@froggs.de>
Date:   Sat Sep 20 06:50:45 2014 +0200

    bump Digest::MD5 revision
--------
Pod-To-HTML
commit 77018e1bf1e0a865cd69fd4abaffef618e7954e6
Author: Tobias Leich <email@froggs.de>
Date:   Sat Sep 20 06:50:45 2014 +0200

    bump Digest::MD5 revision
--------
Template-Mojo
commit 77018e1bf1e0a865cd69fd4abaffef618e7954e6
Author: Tobias Leich <email@froggs.de>
Date:   Sat Sep 20 06:50:45 2014 +0200

    bump Digest::MD5 revision
--------
doc
commit 77018e1bf1e0a865cd69fd4abaffef618e7954e6
Author: Tobias Leich <email@froggs.de>
Date:   Sat Sep 20 06:50:45 2014 +0200

    bump Digest::MD5 revision
--------
file-find
commit 77018e1bf1e0a865cd69fd4abaffef618e7954e6
Author: Tobias Leich <email@froggs.de>
Date:   Sat Sep 20 06:50:45 2014 +0200

    bump Digest::MD5 revision
--------
grammar-debugger
commit 77018e1bf1e0a865cd69fd4abaffef618e7954e6
Author: Tobias Leich <email@froggs.de>
Date:   Sat Sep 20 06:50:45 2014 +0200

    bump Digest::MD5 revision
--------
json
commit 77018e1bf1e0a865cd69fd4abaffef618e7954e6
Author: Tobias Leich <email@froggs.de>
Date:   Sat Sep 20 06:50:45 2014 +0200

    bump Digest::MD5 revision
--------
jsonrpc
commit 77018e1bf1e0a865cd69fd4abaffef618e7954e6
Author: Tobias Leich <email@froggs.de>
Date:   Sat Sep 20 06:50:45 2014 +0200

    bump Digest::MD5 revision
--------
panda
commit 77018e1bf1e0a865cd69fd4abaffef618e7954e6
Author: Tobias Leich <email@froggs.de>
Date:   Sat Sep 20 06:50:45 2014 +0200

    bump Digest::MD5 revision
--------
perl6-Term-ANSIColor
commit 77018e1bf1e0a865cd69fd4abaffef618e7954e6
Author: Tobias Leich <email@froggs.de>
Date:   Sat Sep 20 06:50:45 2014 +0200

    bump Digest::MD5 revision
--------
perl6-digest-md5
commit 77018e1bf1e0a865cd69fd4abaffef618e7954e6
Author: Tobias Leich <email@froggs.de>
Date:   Sat Sep 20 06:50:45 2014 +0200

    bump Digest::MD5 revision
--------
perl6-http-easy
commit 77018e1bf1e0a865cd69fd4abaffef618e7954e6
Author: Tobias Leich <email@froggs.de>
Date:   Sat Sep 20 06:50:45 2014 +0200

    bump Digest::MD5 revision
--------
perl6-http-status
commit 77018e1bf1e0a865cd69fd4abaffef618e7954e6
Author: Tobias Leich <email@froggs.de>
Date:   Sat Sep 20 06:50:45 2014 +0200

    bump Digest::MD5 revision
--------
perl6-lwp-simple
commit 77018e1bf1e0a865cd69fd4abaffef618e7954e6
Author: Tobias Leich <email@froggs.de>
Date:   Sat Sep 20 06:50:45 2014 +0200

    bump Digest::MD5 revision
--------
rakudo-debugger
commit 77018e1bf1e0a865cd69fd4abaffef618e7954e6
Author: Tobias Leich <email@froggs.de>
Date:   Sat Sep 20 06:50:45 2014 +0200

    bump Digest::MD5 revision
--------
shell-command
commit 77018e1bf1e0a865cd69fd4abaffef618e7954e6
Author: Tobias Leich <email@froggs.de>
Date:   Sat Sep 20 06:50:45 2014 +0200

    bump Digest::MD5 revision
--------
svg
commit 77018e1bf1e0a865cd69fd4abaffef618e7954e6
Author: Tobias Leich <email@froggs.de>
Date:   Sat Sep 20 06:50:45 2014 +0200

    bump Digest::MD5 revision
--------
svg-plot
commit 77018e1bf1e0a865cd69fd4abaffef618e7954e6
Author: Tobias Leich <email@froggs.de>
Date:   Sat Sep 20 06:50:45 2014 +0200

    bump Digest::MD5 revision
--------
test-mock
commit 77018e1bf1e0a865cd69fd4abaffef618e7954e6
Author: Tobias Leich <email@froggs.de>
Date:   Sat Sep 20 06:50:45 2014 +0200

    bump Digest::MD5 revision
--------
ufo
commit 77018e1bf1e0a865cd69fd4abaffef618e7954e6
Author: Tobias Leich <email@froggs.de>
Date:   Sat Sep 20 06:50:45 2014 +0200

    bump Digest::MD5 revision
--------
uri
commit 77018e1bf1e0a865cd69fd4abaffef618e7954e6
Author: Tobias Leich <email@froggs.de>
Date:   Sat Sep 20 06:50:45 2014 +0200

    bump Digest::MD5 revision
--------
xml-writer
commit 77018e1bf1e0a865cd69fd4abaffef618e7954e6
Author: Tobias Leich <email@froggs.de>
Date:   Sat Sep 20 06:50:45 2014 +0200

    bump Digest::MD5 revision
--------
zavolaj
commit 77018e1bf1e0a865cd69fd4abaffef618e7954e6
Author: Tobias Leich <email@froggs.de>
Date:   Sat Sep 20 06:50:45 2014 +0200

    bump Digest::MD5 revision
