== Configuring and building Rakudo
cd rakudo && /home/coke/perl5/perlbrew/perls/perl-5.20.1/bin/perl Configure.pl --prefix="/home/coke/sandbox/rakudo-star-daily/star-MoarVM/rakudo-star-daily/install" --backends=moar && make
Using /home/coke/sandbox/rakudo-star-daily/star-MoarVM/rakudo-star-daily/install/bin/nqp-m (version 2016.03-50-g512c9a1 / MoarVM 2016.03-84-g4afd7b6).
Cleaning up ...

You can now use 'make' to build Rakudo.
After that, 'make test' will run some tests and
'make install' will install Rakudo.
make[1]: Entering directory '/home/coke/sandbox/rakudo-star-daily/star-MoarVM/rakudo-star-daily/rakudo'
/home/coke/sandbox/rakudo-star-daily/star-MoarVM/rakudo-star-daily/install/bin/nqp-m tools/build/gen-cat.nqp moar src/vm/moar/ModuleLoaderVMConfig.nqp src/Perl6/ModuleLoader.nqp > gen/moar/m-ModuleLoader.nqp
/home/coke/sandbox/rakudo-star-daily/star-MoarVM/rakudo-star-daily/install/bin/nqp-m --target=mbc --output=blib/Perl6/ModuleLoader.moarvm --encoding=utf8 \
    gen/moar/m-ModuleLoader.nqp
gcc -c -fPIC -Wdeclaration-after-statement -Werror=declaration-after-statement -O3 -DNDEBUG  -D_REENTRANT -D_FILE_OFFSET_BITS=64 -fPIC -Wdeclaration-after-statement -Werror=declaration-after-statement -O3 -DNDEBUG  -I/home/coke/sandbox/rakudo-star-daily/star-MoarVM/rakudo-star-daily/install/include/libatomic_ops \
    -I/home/coke/sandbox/rakudo-star-daily/star-MoarVM/rakudo-star-daily/install/include/dyncall -I/home/coke/sandbox/rakudo-star-daily/star-MoarVM/rakudo-star-daily/install/include/moar \
    -I/home/coke/sandbox/rakudo-star-daily/star-MoarVM/rakudo-star-daily/install/include/sha1 -I/home/coke/sandbox/rakudo-star-daily/star-MoarVM/rakudo-star-daily/install/include/tinymt  -I/home/coke/sandbox/rakudo-star-daily/star-MoarVM/rakudo-star-daily/install/include/libtommath \
    -I/home/coke/sandbox/rakudo-star-daily/star-MoarVM/rakudo-star-daily/install/include/libuv -I/home/coke/sandbox/rakudo-star-daily/star-MoarVM/rakudo-star-daily/install/include -o dynext/perl6_ops.o src/vm/moar/ops/perl6_ops.c
gcc -c -fPIC -Wdeclaration-after-statement -Werror=declaration-after-statement -O3 -DNDEBUG  -D_REENTRANT -D_FILE_OFFSET_BITS=64 -fPIC -Wdeclaration-after-statement -Werror=declaration-after-statement -O3 -DNDEBUG  -I/home/coke/sandbox/rakudo-star-daily/star-MoarVM/rakudo-star-daily/install/include/libatomic_ops \
    -I/home/coke/sandbox/rakudo-star-daily/star-MoarVM/rakudo-star-daily/install/include/dyncall -I/home/coke/sandbox/rakudo-star-daily/star-MoarVM/rakudo-star-daily/install/include/moar \
    -I/home/coke/sandbox/rakudo-star-daily/star-MoarVM/rakudo-star-daily/install/include/sha1 -I/home/coke/sandbox/rakudo-star-daily/star-MoarVM/rakudo-star-daily/install/include/tinymt  -I/home/coke/sandbox/rakudo-star-daily/star-MoarVM/rakudo-star-daily/install/include/libtommath \
    -I/home/coke/sandbox/rakudo-star-daily/star-MoarVM/rakudo-star-daily/install/include/libuv -I/home/coke/sandbox/rakudo-star-daily/star-MoarVM/rakudo-star-daily/install/include -o dynext/container.o src/vm/moar/ops/container.c
gcc  -L/home/coke/sandbox/rakudo-star-daily/star-MoarVM/rakudo-star-daily/install/lib -shared -fPIC -O3 -DNDEBUG -Wl,-rpath,/home/coke/sandbox/rakudo-star-daily/star-MoarVM/rakudo-star-daily/install/lib -Wl,-rpath,/home/coke/sandbox/rakudo-star-daily/star-MoarVM/rakudo-star-daily/install/share/perl6/site/lib  -O3 -DNDEBUG -lm -lpthread -lrt -ldl -o dynext/libperl6_ops_moar.so dynext/perl6_ops.o dynext/container.o -lmoar 
/home/coke/sandbox/rakudo-star-daily/star-MoarVM/rakudo-star-daily/install/bin/nqp-m --target=mbc --output=blib/Perl6/Ops.moarvm --encoding=utf8 \
    src/vm/moar/Perl6/Ops.nqp
/home/coke/sandbox/rakudo-star-daily/star-MoarVM/rakudo-star-daily/install/bin/nqp-m --target=mbc --output=blib/Perl6/Pod.moarvm --encoding=utf8 \
    src/Perl6/Pod.nqp
/home/coke/sandbox/rakudo-star-daily/star-MoarVM/rakudo-star-daily/install/bin/nqp-m --target=mbc --output=blib/Perl6/World.moarvm --encoding=utf8 \
    src/Perl6/World.nqp
/home/coke/sandbox/rakudo-star-daily/star-MoarVM/rakudo-star-daily/install/bin/nqp-m tools/build/gen-cat.nqp moar src/Perl6/Actions.nqp > gen/moar/m-Perl6-Actions.nqp
/home/coke/sandbox/rakudo-star-daily/star-MoarVM/rakudo-star-daily/install/bin/nqp-m --target=mbc --output=blib/Perl6/Actions.moarvm --encoding=utf8 \
    gen/moar/m-Perl6-Actions.nqp
/home/coke/sandbox/rakudo-star-daily/star-MoarVM/rakudo-star-daily/install/bin/nqp-m --target=mbc --output=blib/Perl6/Grammar.moarvm --encoding=utf8 \
    src/Perl6/Grammar.nqp
/home/coke/sandbox/rakudo-star-daily/star-MoarVM/rakudo-star-daily/install/bin/nqp-m tools/build/gen-cat.nqp moar src/Perl6/Optimizer.nqp > gen/moar/m-Perl6-Optimizer.nqp
/home/coke/sandbox/rakudo-star-daily/star-MoarVM/rakudo-star-daily/install/bin/nqp-m --target=mbc --output=blib/Perl6/Optimizer.moarvm --encoding=utf8 \
    gen/moar/m-Perl6-Optimizer.nqp
/home/coke/sandbox/rakudo-star-daily/star-MoarVM/rakudo-star-daily/install/bin/nqp-m --target=mbc --output=blib/Perl6/Compiler.moarvm --encoding=utf8 \
    src/Perl6/Compiler.nqp
/home/coke/perl5/perlbrew/perls/perl-5.20.1/bin/perl tools/build/gen-version.pl > gen/moar/main-version.nqp
/home/coke/sandbox/rakudo-star-daily/star-MoarVM/rakudo-star-daily/install/bin/nqp-m tools/build/gen-cat.nqp moar src/main.nqp gen/moar/main-version.nqp > gen/moar/m-main.nqp
/home/coke/sandbox/rakudo-star-daily/star-MoarVM/rakudo-star-daily/install/bin/nqp-m --target=mbc --output=perl6.moarvm \
    --vmlibs=dynext/libperl6_ops_moar.so=Rakudo_ops_init gen/moar/m-main.nqp
/home/coke/sandbox/rakudo-star-daily/star-MoarVM/rakudo-star-daily/install/bin/nqp-m tools/build/gen-cat.nqp moar -f tools/build/common_bootstrap_sources > gen/moar/m-Metamodel.nqp
/home/coke/sandbox/rakudo-star-daily/star-MoarVM/rakudo-star-daily/install/bin/nqp-m --target=mbc --output=blib/Perl6/Metamodel.moarvm --encoding=utf8 \
    gen/moar/m-Metamodel.nqp
/home/coke/sandbox/rakudo-star-daily/star-MoarVM/rakudo-star-daily/install/bin/nqp-m tools/build/gen-cat.nqp moar src/Perl6/Metamodel/BOOTSTRAP.nqp src/Perl6/Metamodel/EXPORTHOW.nqp  > gen/moar/m-BOOTSTRAP.nqp
/home/coke/sandbox/rakudo-star-daily/star-MoarVM/rakudo-star-daily/install/bin/nqp-m --target=mbc --output=blib/Perl6/BOOTSTRAP.moarvm --encoding=utf8 \
        --vmlibs=dynext/libperl6_ops_moar.so=Rakudo_ops_init gen/moar/m-BOOTSTRAP.nqp
/home/coke/sandbox/rakudo-star-daily/star-MoarVM/rakudo-star-daily/install/bin/nqp-m tools/build/gen-cat.nqp moar -f tools/build/moar_core_sources > gen/moar/m-CORE.setting
The following step can take a long time, please be patient.
/home/coke/sandbox/rakudo-star-daily/star-MoarVM/rakudo-star-daily/install/bin/moar --libpath="/home/coke/sandbox/rakudo-star-daily/star-MoarVM/rakudo-star-daily/install/share/nqp/lib" perl6.moarvm --setting=NULL --ll-exception --optimize=3 --target=mbc --stagestats --output=CORE.setting.moarvm gen/moar/m-CORE.setting
Stage start      :   0.000
Stage parse      :  52.100
Stage syntaxcheck:   0.000
Stage ast        :   0.000
Stage optimize   :   8.446
Stage mast       :  13.912
Stage mbc        :   0.168
/home/coke/sandbox/rakudo-star-daily/star-MoarVM/rakudo-star-daily/install/bin/moar --libpath="/home/coke/sandbox/rakudo-star-daily/star-MoarVM/rakudo-star-daily/install/share/nqp/lib" perl6.moarvm --target=mbc --ll-exception --output=RESTRICTED.setting.moarvm src/RESTRICTED.setting
/home/coke/perl5/perlbrew/perls/perl-5.20.1/bin/perl -MExtUtils::Command -e rm_f perl6-m
/home/coke/perl5/perlbrew/perls/perl-5.20.1/bin/perl tools/build/create-moar-runner.pl "/home/coke/sandbox/rakudo-star-daily/star-MoarVM/rakudo-star-daily/install/bin/moar" perl6.moarvm perl6-m . "" "/home/coke/sandbox/rakudo-star-daily/star-MoarVM/rakudo-star-daily/install/share/nqp/lib" .
/home/coke/perl5/perlbrew/perls/perl-5.20.1/bin/perl -MExtUtils::Command -e chmod 755 perl6-m
/home/coke/sandbox/rakudo-star-daily/star-MoarVM/rakudo-star-daily/install/bin/nqp-m tools/build/gen-cat.nqp moar src/perl6-debug.nqp gen/moar/main-version.nqp > gen/moar/m-perl6-debug.nqp
/home/coke/sandbox/rakudo-star-daily/star-MoarVM/rakudo-star-daily/install/bin/nqp-m --target=mbc --output=perl6-debug.moarvm \
    --vmlibs=dynext/libperl6_ops_moar.so=Rakudo_ops_init gen/moar/m-perl6-debug.nqp
/home/coke/perl5/perlbrew/perls/perl-5.20.1/bin/perl tools/build/create-moar-runner.pl "/home/coke/sandbox/rakudo-star-daily/star-MoarVM/rakudo-star-daily/install/bin/moar" perl6-debug.moarvm perl6-debug-m . "" "/home/coke/sandbox/rakudo-star-daily/star-MoarVM/rakudo-star-daily/install/share/nqp/lib" .
/home/coke/perl5/perlbrew/perls/perl-5.20.1/bin/perl -MExtUtils::Command -e rm_f perl6-gdb-m
/home/coke/perl5/perlbrew/perls/perl-5.20.1/bin/perl tools/build/create-moar-runner.pl "/home/coke/sandbox/rakudo-star-daily/star-MoarVM/rakudo-star-daily/install/bin/moar" perl6.moarvm perl6-gdb-m . "gdb" "/home/coke/sandbox/rakudo-star-daily/star-MoarVM/rakudo-star-daily/install/share/nqp/lib" .
/home/coke/perl5/perlbrew/perls/perl-5.20.1/bin/perl -MExtUtils::Command -e chmod 755 perl6-gdb-m
/home/coke/perl5/perlbrew/perls/perl-5.20.1/bin/perl -MExtUtils::Command -e rm_f perl6-valgrind-m
/home/coke/perl5/perlbrew/perls/perl-5.20.1/bin/perl tools/build/create-moar-runner.pl "/home/coke/sandbox/rakudo-star-daily/star-MoarVM/rakudo-star-daily/install/bin/moar" perl6.moarvm perl6-valgrind-m . "valgrind" "/home/coke/sandbox/rakudo-star-daily/star-MoarVM/rakudo-star-daily/install/share/nqp/lib" .
/home/coke/perl5/perlbrew/perls/perl-5.20.1/bin/perl -MExtUtils::Command -e chmod 755 perl6-valgrind-m
/home/coke/perl5/perlbrew/perls/perl-5.20.1/bin/perl -MExtUtils::Command -e rm_f perl6
/home/coke/perl5/perlbrew/perls/perl-5.20.1/bin/perl -MExtUtils::Command -e cp perl6-m perl6
/home/coke/perl5/perlbrew/perls/perl-5.20.1/bin/perl -MExtUtils::Command -e chmod 755 perl6
make[1]: Leaving directory '/home/coke/sandbox/rakudo-star-daily/star-MoarVM/rakudo-star-daily/rakudo'
cd rakudo && make install
make[1]: Entering directory '/home/coke/sandbox/rakudo-star-daily/star-MoarVM/rakudo-star-daily/rakudo'
/home/coke/perl5/perlbrew/perls/perl-5.20.1/bin/perl -MExtUtils::Command -e mkpath /home/coke/sandbox/rakudo-star-daily/star-MoarVM/rakudo-star-daily/install/bin
/home/coke/perl5/perlbrew/perls/perl-5.20.1/bin/perl -MExtUtils::Command -e mkpath /home/coke/sandbox/rakudo-star-daily/star-MoarVM/rakudo-star-daily/install/share/nqp/lib/Perl6
/home/coke/perl5/perlbrew/perls/perl-5.20.1/bin/perl -MExtUtils::Command -e cp blib/Perl6/ModuleLoader.moarvm blib/Perl6/World.moarvm blib/Perl6/Grammar.moarvm blib/Perl6/Ops.moarvm blib/Perl6/Actions.moarvm blib/Perl6/Optimizer.moarvm blib/Perl6/Pod.moarvm blib/Perl6/Compiler.moarvm blib/Perl6/Metamodel.moarvm blib/Perl6/BOOTSTRAP.moarvm /home/coke/sandbox/rakudo-star-daily/star-MoarVM/rakudo-star-daily/install/share/nqp/lib/Perl6
/home/coke/perl5/perlbrew/perls/perl-5.20.1/bin/perl -MExtUtils::Command -e mkpath /home/coke/sandbox/rakudo-star-daily/star-MoarVM/rakudo-star-daily/install/share/perl6/lib
/home/coke/perl5/perlbrew/perls/perl-5.20.1/bin/perl -MExtUtils::Command -e mkpath /home/coke/sandbox/rakudo-star-daily/star-MoarVM/rakudo-star-daily/install/share/perl6/runtime
/home/coke/perl5/perlbrew/perls/perl-5.20.1/bin/perl -MExtUtils::Command -e cp CORE.setting.moarvm RESTRICTED.setting.moarvm /home/coke/sandbox/rakudo-star-daily/star-MoarVM/rakudo-star-daily/install/share/perl6/runtime
/home/coke/perl5/perlbrew/perls/perl-5.20.1/bin/perl -MExtUtils::Command -e cp perl6.moarvm perl6-debug.moarvm /home/coke/sandbox/rakudo-star-daily/star-MoarVM/rakudo-star-daily/install/share/perl6/runtime
/home/coke/perl5/perlbrew/perls/perl-5.20.1/bin/perl -MExtUtils::Command -e mkpath /home/coke/sandbox/rakudo-star-daily/star-MoarVM/rakudo-star-daily/install/share/perl6/runtime/dynext
/home/coke/perl5/perlbrew/perls/perl-5.20.1/bin/perl -MExtUtils::Command -e cp dynext/libperl6_ops_moar.so /home/coke/sandbox/rakudo-star-daily/star-MoarVM/rakudo-star-daily/install/share/perl6/runtime/dynext
/home/coke/perl5/perlbrew/perls/perl-5.20.1/bin/perl -MExtUtils::Command -e mkpath /home/coke/sandbox/rakudo-star-daily/star-MoarVM/rakudo-star-daily/install/share/perl6/dist
/home/coke/perl5/perlbrew/perls/perl-5.20.1/bin/perl -MExtUtils::Command -e mkpath /home/coke/sandbox/rakudo-star-daily/star-MoarVM/rakudo-star-daily/install/share/perl6/sources
/home/coke/perl5/perlbrew/perls/perl-5.20.1/bin/perl -MExtUtils::Command -e mkpath /home/coke/sandbox/rakudo-star-daily/star-MoarVM/rakudo-star-daily/install/share/perl6/resources
/home/coke/perl5/perlbrew/perls/perl-5.20.1/bin/perl -MExtUtils::Command -e mkpath /home/coke/sandbox/rakudo-star-daily/star-MoarVM/rakudo-star-daily/install/share/perl6/bin
/home/coke/perl5/perlbrew/perls/perl-5.20.1/bin/perl -MExtUtils::Command -e mkpath /home/coke/sandbox/rakudo-star-daily/star-MoarVM/rakudo-star-daily/install/share/perl6/short
/home/coke/perl5/perlbrew/perls/perl-5.20.1/bin/perl -MExtUtils::Command -e mkpath /home/coke/sandbox/rakudo-star-daily/star-MoarVM/rakudo-star-daily/install/share/perl6/vendor/dist
/home/coke/perl5/perlbrew/perls/perl-5.20.1/bin/perl -MExtUtils::Command -e mkpath /home/coke/sandbox/rakudo-star-daily/star-MoarVM/rakudo-star-daily/install/share/perl6/vendor/sources
/home/coke/perl5/perlbrew/perls/perl-5.20.1/bin/perl -MExtUtils::Command -e mkpath /home/coke/sandbox/rakudo-star-daily/star-MoarVM/rakudo-star-daily/install/share/perl6/vendor/resources
/home/coke/perl5/perlbrew/perls/perl-5.20.1/bin/perl -MExtUtils::Command -e mkpath /home/coke/sandbox/rakudo-star-daily/star-MoarVM/rakudo-star-daily/install/share/perl6/vendor/bin
/home/coke/perl5/perlbrew/perls/perl-5.20.1/bin/perl -MExtUtils::Command -e mkpath /home/coke/sandbox/rakudo-star-daily/star-MoarVM/rakudo-star-daily/install/share/perl6/vendor/short
/home/coke/perl5/perlbrew/perls/perl-5.20.1/bin/perl -MExtUtils::Command -e mkpath /home/coke/sandbox/rakudo-star-daily/star-MoarVM/rakudo-star-daily/install/share/perl6/site/dist
/home/coke/perl5/perlbrew/perls/perl-5.20.1/bin/perl -MExtUtils::Command -e mkpath /home/coke/sandbox/rakudo-star-daily/star-MoarVM/rakudo-star-daily/install/share/perl6/site/sources
/home/coke/perl5/perlbrew/perls/perl-5.20.1/bin/perl -MExtUtils::Command -e mkpath /home/coke/sandbox/rakudo-star-daily/star-MoarVM/rakudo-star-daily/install/share/perl6/site/resources
/home/coke/perl5/perlbrew/perls/perl-5.20.1/bin/perl -MExtUtils::Command -e mkpath /home/coke/sandbox/rakudo-star-daily/star-MoarVM/rakudo-star-daily/install/share/perl6/site/bin
/home/coke/perl5/perlbrew/perls/perl-5.20.1/bin/perl -MExtUtils::Command -e mkpath /home/coke/sandbox/rakudo-star-daily/star-MoarVM/rakudo-star-daily/install/share/perl6/site/short
./perl6-m tools/build/install-core-dist.pl /home/coke/sandbox/rakudo-star-daily/star-MoarVM/rakudo-star-daily/install/share/perl6
installed!
/home/coke/perl5/perlbrew/perls/perl-5.20.1/bin/perl tools/build/create-moar-runner.pl "/home/coke/sandbox/rakudo-star-daily/star-MoarVM/rakudo-star-daily/install/bin/moar" perl6.moarvm /home/coke/sandbox/rakudo-star-daily/star-MoarVM/rakudo-star-daily/install/bin/perl6-m "/home/coke/sandbox/rakudo-star-daily/star-MoarVM/rakudo-star-daily/install/share/perl6/runtime" "" "/home/coke/sandbox/rakudo-star-daily/star-MoarVM/rakudo-star-daily/install/share/nqp/lib" "/home/coke/sandbox/rakudo-star-daily/star-MoarVM/rakudo-star-daily/install/share/perl6/lib" "/home/coke/sandbox/rakudo-star-daily/star-MoarVM/rakudo-star-daily/install/share/perl6/runtime"
/home/coke/perl5/perlbrew/perls/perl-5.20.1/bin/perl tools/build/create-moar-runner.pl "/home/coke/sandbox/rakudo-star-daily/star-MoarVM/rakudo-star-daily/install/bin/moar" perl6-debug.moarvm /home/coke/sandbox/rakudo-star-daily/star-MoarVM/rakudo-star-daily/install/bin/perl6-debug-m "/home/coke/sandbox/rakudo-star-daily/star-MoarVM/rakudo-star-daily/install/share/perl6/runtime" "" "/home/coke/sandbox/rakudo-star-daily/star-MoarVM/rakudo-star-daily/install/share/nqp/lib" "/home/coke/sandbox/rakudo-star-daily/star-MoarVM/rakudo-star-daily/install/share/perl6/lib" "/home/coke/sandbox/rakudo-star-daily/star-MoarVM/rakudo-star-daily/install/share/perl6/runtime"
/home/coke/perl5/perlbrew/perls/perl-5.20.1/bin/perl -MExtUtils::Command -e chmod 755 /home/coke/sandbox/rakudo-star-daily/star-MoarVM/rakudo-star-daily/install/bin/perl6-m
/home/coke/perl5/perlbrew/perls/perl-5.20.1/bin/perl tools/build/create-moar-runner.pl "/home/coke/sandbox/rakudo-star-daily/star-MoarVM/rakudo-star-daily/install/bin/moar" perl6.moarvm /home/coke/sandbox/rakudo-star-daily/star-MoarVM/rakudo-star-daily/install/bin/perl6-gdb-m "/home/coke/sandbox/rakudo-star-daily/star-MoarVM/rakudo-star-daily/install/share/perl6/runtime" "gdb" "/home/coke/sandbox/rakudo-star-daily/star-MoarVM/rakudo-star-daily/install/share/nqp/lib" "/home/coke/sandbox/rakudo-star-daily/star-MoarVM/rakudo-star-daily/install/share/perl6/lib" "/home/coke/sandbox/rakudo-star-daily/star-MoarVM/rakudo-star-daily/install/share/perl6/runtime"
/home/coke/perl5/perlbrew/perls/perl-5.20.1/bin/perl tools/build/create-moar-runner.pl "/home/coke/sandbox/rakudo-star-daily/star-MoarVM/rakudo-star-daily/install/bin/moar" perl6.moarvm /home/coke/sandbox/rakudo-star-daily/star-MoarVM/rakudo-star-daily/install/bin/perl6-valgrind-m "/home/coke/sandbox/rakudo-star-daily/star-MoarVM/rakudo-star-daily/install/share/perl6/runtime" "valgrind" "/home/coke/sandbox/rakudo-star-daily/star-MoarVM/rakudo-star-daily/install/share/nqp/lib" "/home/coke/sandbox/rakudo-star-daily/star-MoarVM/rakudo-star-daily/install/share/perl6/lib" "/home/coke/sandbox/rakudo-star-daily/star-MoarVM/rakudo-star-daily/install/share/perl6/runtime"
/home/coke/perl5/perlbrew/perls/perl-5.20.1/bin/perl tools/build/create-moar-runner.pl "/home/coke/sandbox/rakudo-star-daily/star-MoarVM/rakudo-star-daily/install/bin/moar" perl6.moarvm /home/coke/sandbox/rakudo-star-daily/star-MoarVM/rakudo-star-daily/install/bin/perl6-m "/home/coke/sandbox/rakudo-star-daily/star-MoarVM/rakudo-star-daily/install/share/perl6/runtime" "" "/home/coke/sandbox/rakudo-star-daily/star-MoarVM/rakudo-star-daily/install/share/nqp/lib" "/home/coke/sandbox/rakudo-star-daily/star-MoarVM/rakudo-star-daily/install/share/perl6/lib" "/home/coke/sandbox/rakudo-star-daily/star-MoarVM/rakudo-star-daily/install/share/perl6/runtime"
/home/coke/perl5/perlbrew/perls/perl-5.20.1/bin/perl -MExtUtils::Command -e cp /home/coke/sandbox/rakudo-star-daily/star-MoarVM/rakudo-star-daily/install/bin/perl6-m /home/coke/sandbox/rakudo-star-daily/star-MoarVM/rakudo-star-daily/install/bin/perl6
/home/coke/perl5/perlbrew/perls/perl-5.20.1/bin/perl -MExtUtils::Command -e chmod 755 /home/coke/sandbox/rakudo-star-daily/star-MoarVM/rakudo-star-daily/install/bin/perl6
make[1]: Leaving directory '/home/coke/sandbox/rakudo-star-daily/star-MoarVM/rakudo-star-daily/rakudo'
/home/coke/perl5/perlbrew/perls/perl-5.20.1/bin/perl -MExtUtils::Command -e cp /home/coke/sandbox/rakudo-star-daily/star-MoarVM/rakudo-star-daily/install/bin/perl6-m perl6
/home/coke/perl5/perlbrew/perls/perl-5.20.1/bin/perl -MExtUtils::Command -e chmod 755 perl6
== Installing modules for MoarVM
cd modules/panda && /home/coke/sandbox/rakudo-star-daily/star-MoarVM/rakudo-star-daily/install/bin/perl6-m bootstrap.pl
==> Bootstrapping Panda
==> Installing panda from a local directory '/home/coke/sandbox/rakudo-star-daily/star-MoarVM/rakudo-star-daily/modules/panda'
==> panda depends on File::Find, Shell::Command, JSON::Fast
==> Shell::Command depends on File::Find
==> Fetching File::Find
==> Building File::Find
==> Testing File::Find
t/01-file-find.t .. ok
All tests successful.
Files=1, Tests=11,  3 wallclock secs ( 0.03 usr  0.00 sys +  2.74 cusr  0.10 csys =  2.87 CPU)
Result: PASS
==> Installing File::Find
==> Successfully installed File::Find
==> Fetching Shell::Command
==> Building Shell::Command
==> Testing Shell::Command
Could not find File::Which in:
    /home/coke/sandbox/rakudo-star-daily/star-MoarVM/rakudo-star-daily/modules/panda/.panda-work/1459541219_2/lib
    /home/coke/sandbox/rakudo-star-daily/star-MoarVM/rakudo-star-daily/modules/panda/ext/File__Find/lib
    /home/coke/sandbox/rakudo-star-daily/star-MoarVM/rakudo-star-daily/modules/panda/ext/Shell__Command/lib
    /home/coke/sandbox/rakudo-star-daily/star-MoarVM/rakudo-star-daily/modules/panda/ext/JSON__Fast/lib
    /home/coke/sandbox/rakudo-star-daily/star-MoarVM/rakudo-star-daily/modules/panda/lib
    /home/coke/sandbox/rakudo-star-daily/star-MoarVM/rakudo-star-daily/install/share/perl6/site
    /home/coke/.perl6
    /home/coke/sandbox/rakudo-star-daily/star-MoarVM/rakudo-star-daily/install/share/perl6/vendor
    /home/coke/sandbox/rakudo-star-daily/star-MoarVM/rakudo-star-daily/install/share/perl6
    CompUnit::Repository::AbsolutePath<72322464>
    CompUnit::Repository::NQP<62923552>
    CompUnit::Repository::Perl5<62923592>
  in sub which at /home/coke/sandbox/rakudo-star-daily/star-MoarVM/rakudo-star-daily/modules/panda/.panda-work/1459541219_2/lib/Shell/Command.pm (Shell::Command) line 86
  in block <unit> at t/02-shell-command.t line 47

# Looks like you planned 16 tests, but ran 14
t/02-shell-command.t .. 
Dubious, test returned 255 (wstat 65280, 0xff00)
Failed 2/16 subtests 

Test Summary Report
-------------------
t/02-shell-command.t (Wstat: 65280 Tests: 14 Failed: 0)
  Non-zero exit status: 255
  Parse errors: Bad plan.  You planned 16 tests but ran 14.
Files=1, Tests=14,  3 wallclock secs ( 0.03 usr  0.00 sys +  3.45 cusr  0.14 csys =  3.62 CPU)
Result: FAIL
The spawned process exited unsuccessfully (exit code: 1)
   at gen/moar/m-CORE.setting:21036  (/home/coke/sandbox/rakudo-star-daily/star-MoarVM/rakudo-star-daily/install/share/perl6/runtime/CORE.setting.moarvm:throw)
 from gen/moar/m-CORE.setting:34512  (/home/coke/sandbox/rakudo-star-daily/star-MoarVM/rakudo-star-daily/install/share/perl6/runtime/CORE.setting.moarvm:sink)
 from /home/coke/sandbox/rakudo-star-daily/star-MoarVM/rakudo-star-daily/modules/panda/lib/Panda/Common.pm (Panda::Common):85  (/home/coke/sandbox/rakudo-star-daily/star-MoarVM/rakudo-star-daily/modules/panda/ext/File__Find/lib/.precomp/74C66D492E720157027D78F83EAB25293BA023BB.1459541159.35096/BC/BCD72B6ED921FE296E948D5FF32B375EBE1CB845:)
 from /home/coke/sandbox/rakudo-star-daily/star-MoarVM/rakudo-star-daily/modules/panda/lib/Panda/Common.pm (Panda::Common):71  (/home/coke/sandbox/rakudo-star-daily/star-MoarVM/rakudo-star-daily/modules/panda/ext/File__Find/lib/.precomp/74C66D492E720157027D78F83EAB25293BA023BB.1459541159.35096/BC/BCD72B6ED921FE296E948D5FF32B375EBE1CB845:run-and-gather-output)
 from /home/coke/sandbox/rakudo-star-daily/star-MoarVM/rakudo-star-daily/modules/panda/lib/Panda/Tester.pm (Panda::Tester):22  (/home/coke/sandbox/rakudo-star-daily/star-MoarVM/rakudo-star-daily/modules/panda/ext/File__Find/lib/.precomp/74C66D492E720157027D78F83EAB25293BA023BB.1459541159.35096/78/78C56B5F1E648595B34B5117598C010DE795FBF1:)
 from /home/coke/sandbox/rakudo-star-daily/star-MoarVM/rakudo-star-daily/modules/panda/lib/Panda/Common.pm (Panda::Common):37  (/home/coke/sandbox/rakudo-star-daily/star-MoarVM/rakudo-star-daily/modules/panda/ext/File__Find/lib/.precomp/74C66D492E720157027D78F83EAB25293BA023BB.1459541159.35096/BC/BCD72B6ED921FE296E948D5FF32B375EBE1CB845:withp6lib)
 from /home/coke/sandbox/rakudo-star-daily/star-MoarVM/rakudo-star-daily/modules/panda/lib/Panda/Tester.pm (Panda::Tester):17  (/home/coke/sandbox/rakudo-star-daily/star-MoarVM/rakudo-star-daily/modules/panda/ext/File__Find/lib/.precomp/74C66D492E720157027D78F83EAB25293BA023BB.1459541159.35096/78/78C56B5F1E648595B34B5117598C010DE795FBF1:)
 from /home/coke/sandbox/rakudo-star-daily/star-MoarVM/rakudo-star-daily/modules/panda/lib/Panda/Common.pm (Panda::Common):20  (/home/coke/sandbox/rakudo-star-daily/star-MoarVM/rakudo-star-daily/modules/panda/ext/File__Find/lib/.precomp/74C66D492E720157027D78F83EAB25293BA023BB.1459541159.35096/BC/BCD72B6ED921FE296E948D5FF32B375EBE1CB845:indir)
 from /home/coke/sandbox/rakudo-star-daily/star-MoarVM/rakudo-star-daily/modules/panda/lib/Panda/Tester.pm (Panda::Tester):5  (/home/coke/sandbox/rakudo-star-daily/star-MoarVM/rakudo-star-daily/modules/panda/ext/File__Find/lib/.precomp/74C66D492E720157027D78F83EAB25293BA023BB.1459541159.35096/78/78C56B5F1E648595B34B5117598C010DE795FBF1:test)
 from /home/coke/sandbox/rakudo-star-daily/star-MoarVM/rakudo-star-daily/modules/panda/lib/Panda.pm (Panda):156  (/home/coke/sandbox/rakudo-star-daily/star-MoarVM/rakudo-star-daily/modules/panda/ext/File__Find/lib/.precomp/74C66D492E720157027D78F83EAB25293BA023BB.1459541159.35096/88/882661AF5980A3C66FDEDAD6CF03DF7E85275C56:)
 from /home/coke/sandbox/rakudo-star-daily/star-MoarVM/rakudo-star-daily/modules/panda/lib/Panda.pm (Panda):151  (/home/coke/sandbox/rakudo-star-daily/star-MoarVM/rakudo-star-daily/modules/panda/ext/File__Find/lib/.precomp/74C66D492E720157027D78F83EAB25293BA023BB.1459541159.35096/88/882661AF5980A3C66FDEDAD6CF03DF7E85275C56:install)
 from /home/coke/sandbox/rakudo-star-daily/star-MoarVM/rakudo-star-daily/modules/panda/lib/Panda.pm (Panda):229  (/home/coke/sandbox/rakudo-star-daily/star-MoarVM/rakudo-star-daily/modules/panda/ext/File__Find/lib/.precomp/74C66D492E720157027D78F83EAB25293BA023BB.1459541159.35096/88/882661AF5980A3C66FDEDAD6CF03DF7E85275C56:)
 from gen/moar/m-CORE.setting:4177  (/home/coke/sandbox/rakudo-star-daily/star-MoarVM/rakudo-star-daily/install/share/perl6/runtime/CORE.setting.moarvm:sink-all)
 from gen/moar/m-CORE.setting:12853  (/home/coke/sandbox/rakudo-star-daily/star-MoarVM/rakudo-star-daily/install/share/perl6/runtime/CORE.setting.moarvm:sink)
 from /home/coke/sandbox/rakudo-star-daily/star-MoarVM/rakudo-star-daily/modules/panda/lib/Panda.pm (Panda):229  (/home/coke/sandbox/rakudo-star-daily/star-MoarVM/rakudo-star-daily/modules/panda/ext/File__Find/lib/.precomp/74C66D492E720157027D78F83EAB25293BA023BB.1459541159.35096/88/882661AF5980A3C66FDEDAD6CF03DF7E85275C56:)
 from /home/coke/sandbox/rakudo-star-daily/star-MoarVM/rakudo-star-daily/modules/panda/lib/Panda.pm (Panda):223  (/home/coke/sandbox/rakudo-star-daily/star-MoarVM/rakudo-star-daily/modules/panda/ext/File__Find/lib/.precomp/74C66D492E720157027D78F83EAB25293BA023BB.1459541159.35096/88/882661AF5980A3C66FDEDAD6CF03DF7E85275C56:resolve)
 from bin/panda:18  (<ephemeral file>:)
 from gen/moar/m-CORE.setting:4177  (/home/coke/sandbox/rakudo-star-daily/star-MoarVM/rakudo-star-daily/install/share/perl6/runtime/CORE.setting.moarvm:sink-all)
 from gen/moar/m-CORE.setting:12853  (/home/coke/sandbox/rakudo-star-daily/star-MoarVM/rakudo-star-daily/install/share/perl6/runtime/CORE.setting.moarvm:sink)
 from bin/panda:17  (<ephemeral file>:MAIN)
 from bin/panda:14  (<ephemeral file>:MAIN)
 from gen/moar/m-CORE.setting:27306  (/home/coke/sandbox/rakudo-star-daily/star-MoarVM/rakudo-star-daily/install/share/perl6/runtime/CORE.setting.moarvm:MAIN_HELPER)
 from bin/panda:152  (<ephemeral file>:<unit>)
 from bin/panda:1  (<ephemeral file>:<unit-outer>)
 from gen/moar/stage2/NQPHLL.nqp:1497  (/home/coke/sandbox/rakudo-star-daily/star-MoarVM/rakudo-star-daily/install/share/nqp/lib/NQPHLL.moarvm:eval)
 from src/Perl6/Compiler.nqp:161  (/home/coke/sandbox/rakudo-star-daily/star-MoarVM/rakudo-star-daily/install/share/nqp/lib/Perl6/Compiler.moarvm:eval)
 from gen/moar/stage2/NQPHLL.nqp:1700  (/home/coke/sandbox/rakudo-star-daily/star-MoarVM/rakudo-star-daily/install/share/nqp/lib/NQPHLL.moarvm:evalfiles)
 from gen/moar/stage2/NQPHLL.nqp:1594  (/home/coke/sandbox/rakudo-star-daily/star-MoarVM/rakudo-star-daily/install/share/nqp/lib/NQPHLL.moarvm:command_eval)
 from src/Perl6/Compiler.nqp:29  (/home/coke/sandbox/rakudo-star-daily/star-MoarVM/rakudo-star-daily/install/share/nqp/lib/Perl6/Compiler.moarvm:command_eval)
 from gen/moar/stage2/NQPHLL.nqp:1568  (/home/coke/sandbox/rakudo-star-daily/star-MoarVM/rakudo-star-daily/install/share/nqp/lib/NQPHLL.moarvm:command_line)
 from gen/moar/m-main.nqp:37  (/home/coke/sandbox/rakudo-star-daily/star-MoarVM/rakudo-star-daily/install/share/perl6/runtime/perl6.moarvm:MAIN)
 from gen/moar/m-main.nqp:33  (/home/coke/sandbox/rakudo-star-daily/star-MoarVM/rakudo-star-daily/install/share/perl6/runtime/perl6.moarvm:<mainline>)
 from <unknown>:1  (/home/coke/sandbox/rakudo-star-daily/star-MoarVM/rakudo-star-daily/install/share/perl6/runtime/perl6.moarvm:<main>)
 from <unknown>:1  (/home/coke/sandbox/rakudo-star-daily/star-MoarVM/rakudo-star-daily/install/share/perl6/runtime/perl6.moarvm:<entry>)
The spawned process exited unsuccessfully (exit code: 1)
  in sub MAIN at bootstrap.pl line 66
  in block <unit> at bootstrap.pl line 8

Makefile:65: recipe for target 'modules-install-m' failed
make: *** [modules-install-m] Error 1
