Rakudo
HongKong-18-gfbf229c
NQP
2014.09-4-g1f0d522
modules
--------
Bailador
commit b76468d78ac5b138eb1311f45438b1dc6d9fbbec
Author: Tadeusz Sośnierz <tadeusz.sosnierz@onet.pl>
Date:   Mon Aug 25 13:16:44 2014 +0200

    Decode body in B::Request
--------
DBIish
commit 1ef45843c78de57c16763b90ed852f835067b739
Author: Moritz Lenz <moritz@faui2k3.org>
Date:   Sun Apr 20 12:35:56 2014 +0200

    Work around precompilation issue on rakudo-j
--------
Grammar-Profiler-Simple
commit cdfcdbaee70645fbc8d4fa6c5651f899fa1c9a6c
Author: Jonathan Scott Duff <duff@pobox.com>
Date:   Fri May 24 22:47:38 2013 -0500

    Export via proto
--------
MODULES.txt
commit 77018e1bf1e0a865cd69fd4abaffef618e7954e6
Author: Tobias Leich <email@froggs.de>
Date:   Sat Sep 20 06:50:45 2014 +0200

    bump Digest::MD5 revision
--------
Math-Model
commit aacc103f76d6cdee856d457523a87c1eea9b0ac2
Author: Solomon Foster <colomon@gmail.com>
Date:   Sun Nov 24 20:31:34 2013 -0500

    Wrap [Coke]++'s change in parens to avoid weird error.
--------
Math-RungeKutta
commit 0803818548d90fbc9e1a1091d88b8ca220d5aedd
Author: Moritz Lenz <moritz@faui2k3.org>
Date:   Thu Apr 28 13:44:28 2011 +0200

    fix META.info
--------
Perl6-MIME-Base64
commit 77018e1bf1e0a865cd69fd4abaffef618e7954e6
Author: Tobias Leich <email@froggs.de>
Date:   Sat Sep 20 06:50:45 2014 +0200

    bump Digest::MD5 revision
--------
Pod-To-HTML
commit 77018e1bf1e0a865cd69fd4abaffef618e7954e6
Author: Tobias Leich <email@froggs.de>
Date:   Sat Sep 20 06:50:45 2014 +0200

    bump Digest::MD5 revision
--------
Template-Mojo
commit 77018e1bf1e0a865cd69fd4abaffef618e7954e6
Author: Tobias Leich <email@froggs.de>
Date:   Sat Sep 20 06:50:45 2014 +0200

    bump Digest::MD5 revision
--------
doc
commit 77018e1bf1e0a865cd69fd4abaffef618e7954e6
Author: Tobias Leich <email@froggs.de>
Date:   Sat Sep 20 06:50:45 2014 +0200

    bump Digest::MD5 revision
--------
file-find
commit 77018e1bf1e0a865cd69fd4abaffef618e7954e6
Author: Tobias Leich <email@froggs.de>
Date:   Sat Sep 20 06:50:45 2014 +0200

    bump Digest::MD5 revision
--------
grammar-debugger
commit 77018e1bf1e0a865cd69fd4abaffef618e7954e6
Author: Tobias Leich <email@froggs.de>
Date:   Sat Sep 20 06:50:45 2014 +0200

    bump Digest::MD5 revision
--------
json
commit 77018e1bf1e0a865cd69fd4abaffef618e7954e6
Author: Tobias Leich <email@froggs.de>
Date:   Sat Sep 20 06:50:45 2014 +0200

    bump Digest::MD5 revision
--------
jsonrpc
commit 77018e1bf1e0a865cd69fd4abaffef618e7954e6
Author: Tobias Leich <email@froggs.de>
Date:   Sat Sep 20 06:50:45 2014 +0200

    bump Digest::MD5 revision
--------
panda
commit 77018e1bf1e0a865cd69fd4abaffef618e7954e6
Author: Tobias Leich <email@froggs.de>
Date:   Sat Sep 20 06:50:45 2014 +0200

    bump Digest::MD5 revision
--------
perl6-Term-ANSIColor
commit 77018e1bf1e0a865cd69fd4abaffef618e7954e6
Author: Tobias Leich <email@froggs.de>
Date:   Sat Sep 20 06:50:45 2014 +0200

    bump Digest::MD5 revision
--------
perl6-digest-md5
commit 77018e1bf1e0a865cd69fd4abaffef618e7954e6
Author: Tobias Leich <email@froggs.de>
Date:   Sat Sep 20 06:50:45 2014 +0200

    bump Digest::MD5 revision
--------
perl6-http-easy
commit 77018e1bf1e0a865cd69fd4abaffef618e7954e6
Author: Tobias Leich <email@froggs.de>
Date:   Sat Sep 20 06:50:45 2014 +0200

    bump Digest::MD5 revision
--------
perl6-http-status
commit 77018e1bf1e0a865cd69fd4abaffef618e7954e6
Author: Tobias Leich <email@froggs.de>
Date:   Sat Sep 20 06:50:45 2014 +0200

    bump Digest::MD5 revision
--------
perl6-lwp-simple
commit 77018e1bf1e0a865cd69fd4abaffef618e7954e6
Author: Tobias Leich <email@froggs.de>
Date:   Sat Sep 20 06:50:45 2014 +0200

    bump Digest::MD5 revision
--------
rakudo-debugger
commit 77018e1bf1e0a865cd69fd4abaffef618e7954e6
Author: Tobias Leich <email@froggs.de>
Date:   Sat Sep 20 06:50:45 2014 +0200

    bump Digest::MD5 revision
--------
shell-command
commit 77018e1bf1e0a865cd69fd4abaffef618e7954e6
Author: Tobias Leich <email@froggs.de>
Date:   Sat Sep 20 06:50:45 2014 +0200

    bump Digest::MD5 revision
--------
svg
commit 77018e1bf1e0a865cd69fd4abaffef618e7954e6
Author: Tobias Leich <email@froggs.de>
Date:   Sat Sep 20 06:50:45 2014 +0200

    bump Digest::MD5 revision
--------
svg-plot
commit 77018e1bf1e0a865cd69fd4abaffef618e7954e6
Author: Tobias Leich <email@froggs.de>
Date:   Sat Sep 20 06:50:45 2014 +0200

    bump Digest::MD5 revision
--------
test-mock
commit 77018e1bf1e0a865cd69fd4abaffef618e7954e6
Author: Tobias Leich <email@froggs.de>
Date:   Sat Sep 20 06:50:45 2014 +0200

    bump Digest::MD5 revision
--------
ufo
commit 77018e1bf1e0a865cd69fd4abaffef618e7954e6
Author: Tobias Leich <email@froggs.de>
Date:   Sat Sep 20 06:50:45 2014 +0200

    bump Digest::MD5 revision
--------
uri
commit 77018e1bf1e0a865cd69fd4abaffef618e7954e6
Author: Tobias Leich <email@froggs.de>
Date:   Sat Sep 20 06:50:45 2014 +0200

    bump Digest::MD5 revision
--------
xml-writer
commit 77018e1bf1e0a865cd69fd4abaffef618e7954e6
Author: Tobias Leich <email@froggs.de>
Date:   Sat Sep 20 06:50:45 2014 +0200

    bump Digest::MD5 revision
--------
zavolaj
commit 77018e1bf1e0a865cd69fd4abaffef618e7954e6
Author: Tobias Leich <email@froggs.de>
Date:   Sat Sep 20 06:50:45 2014 +0200

    bump Digest::MD5 revision
