Rakudo
Roederbergweg-80-gaab740c
NQP
2013.10-145-g94eaca0
modules
--------
Bailador
commit f1bd96b1e312ab7771c14e57d4b13276a24abdca
Author: Solomon Foster <colomon@gmail.com>
Date:   Wed Feb 27 23:07:26 2013 -0500

    Workaround for properly producing a capture list from a path in the latest Rakudo.
--------
DBIish
commit 51cfd5a96214899da7eb97ea2b1adea85e1d5cc6
Author: Moritz Lenz <moritz@faui2k3.org>
Date:   Sat Aug 31 17:40:58 2013 +0200

    avoid deprecation warnings in bless
--------
Grammar-Profiler-Simple
commit cdfcdbaee70645fbc8d4fa6c5651f899fa1c9a6c
Author: Jonathan Scott Duff <duff@pobox.com>
Date:   Fri May 24 22:47:38 2013 -0500

    Export via proto
--------
MODULES.txt
commit a4b16fa861e4578731f9f113bd09eb9054a464bc
Author: Moritz Lenz <moritz@faui2k3.org>
Date:   Sun Oct 27 07:41:52 2013 +0100

    [release guide] clarify which versions to use, lue++
--------
Math-Model
commit 26cf7c66f929edc1eb546355cf11ec2dcdee2ed4
Author: Moritz Lenz <moritz@faui2k3.org>
Date:   Wed Apr 25 12:24:19 2012 +0200

    &defined is now a listop
--------
Math-RungeKutta
commit 0803818548d90fbc9e1a1091d88b8ca220d5aedd
Author: Moritz Lenz <moritz@faui2k3.org>
Date:   Thu Apr 28 13:44:28 2011 +0200

    fix META.info
--------
PSGI
commit 76bc8612ed8444366a1ef1d6aaef0a40861e6456
Merge: 0ca5844 160fcb2
Author: Timothy Totten <2009@huri.net>
Date:   Mon Aug 19 13:16:51 2013 -0700

    Merge pull request #1 from softmoth/test-dups
    
    Fix test typos - check all combinations

commit 160fcb28fa809b309b2f1b566b0619e8acf6adca
Author: Tim Smith <tim.dolores@gmail.com>
Date:   Thu Aug 1 22:44:50 2013 -0600

    Fix test typos - check all combinations
    
    Change %headers to @headers to appropriately check all combinations
    in each set of tests.
--------
Perl6-MIME-Base64
commit 8302767094ffcae6987cc52a2c99bd8185cea868
Author: Andrew Egeler <root+github@retupmoca.com>
Date:   Sat Oct 26 17:13:41 2013 -0400

    Split into pure perl and PIR modules.
    
    MIME::Base64 now dispatches to MIME::Base64::PIR or MIME::Base64::Perl
    depending on which VM (parrot vs jvm) you're running.
    
    Next up: actually implementing MIME::Base64::Perl
--------
Pod-To-HTML
commit 33d38234c5702cb54abdb4c5dff457bbf4096dd4
Author: Timo Paulssen <timonator@perpetuum-immobile.de>
Date:   Fri Jul 19 15:26:38 2013 +0200

    properly escape interanl links beginning with #
--------
Template-Mojo
commit efb671855d546025e82330117ab5c65cd7146379
Author: Gabor Szabo <szabgab@gmail.com>
Date:   Wed Mar 13 23:39:45 2013 +0200

    expected output for the test
--------
doc
commit b3c7bd2fe4327ee801b5c0e4d6c65bcb70a1f0d5
Author: Moritz Lenz <mlenz@noris.net>
Date:   Tue Sep 24 14:43:03 2013 +0200

    remove * from bless
--------
file-find
--------
grammar-debugger
commit a4b16fa861e4578731f9f113bd09eb9054a464bc
Author: Moritz Lenz <moritz@faui2k3.org>
Date:   Sun Oct 27 07:41:52 2013 +0100

    [release guide] clarify which versions to use, lue++
--------
json
commit a4b16fa861e4578731f9f113bd09eb9054a464bc
Author: Moritz Lenz <moritz@faui2k3.org>
Date:   Sun Oct 27 07:41:52 2013 +0100

    [release guide] clarify which versions to use, lue++
--------
jsonrpc
commit a4b16fa861e4578731f9f113bd09eb9054a464bc
Author: Moritz Lenz <moritz@faui2k3.org>
Date:   Sun Oct 27 07:41:52 2013 +0100

    [release guide] clarify which versions to use, lue++
--------
panda
commit a4b16fa861e4578731f9f113bd09eb9054a464bc
Author: Moritz Lenz <moritz@faui2k3.org>
Date:   Sun Oct 27 07:41:52 2013 +0100

    [release guide] clarify which versions to use, lue++
--------
perl6-Term-ANSIColor
commit a4b16fa861e4578731f9f113bd09eb9054a464bc
Author: Moritz Lenz <moritz@faui2k3.org>
Date:   Sun Oct 27 07:41:52 2013 +0100

    [release guide] clarify which versions to use, lue++
--------
perl6-digest-md5
commit a4b16fa861e4578731f9f113bd09eb9054a464bc
Author: Moritz Lenz <moritz@faui2k3.org>
Date:   Sun Oct 27 07:41:52 2013 +0100

    [release guide] clarify which versions to use, lue++
--------
perl6-http-easy
commit a4b16fa861e4578731f9f113bd09eb9054a464bc
Author: Moritz Lenz <moritz@faui2k3.org>
Date:   Sun Oct 27 07:41:52 2013 +0100

    [release guide] clarify which versions to use, lue++
--------
perl6-http-status
commit a4b16fa861e4578731f9f113bd09eb9054a464bc
Author: Moritz Lenz <moritz@faui2k3.org>
Date:   Sun Oct 27 07:41:52 2013 +0100

    [release guide] clarify which versions to use, lue++
--------
perl6-lwp-simple
commit a4b16fa861e4578731f9f113bd09eb9054a464bc
Author: Moritz Lenz <moritz@faui2k3.org>
Date:   Sun Oct 27 07:41:52 2013 +0100

    [release guide] clarify which versions to use, lue++
--------
perl6-psgi
commit a4b16fa861e4578731f9f113bd09eb9054a464bc
Author: Moritz Lenz <moritz@faui2k3.org>
Date:   Sun Oct 27 07:41:52 2013 +0100

    [release guide] clarify which versions to use, lue++
--------
rakudo-debugger
commit a4b16fa861e4578731f9f113bd09eb9054a464bc
Author: Moritz Lenz <moritz@faui2k3.org>
Date:   Sun Oct 27 07:41:52 2013 +0100

    [release guide] clarify which versions to use, lue++
--------
shell-command
commit a4b16fa861e4578731f9f113bd09eb9054a464bc
Author: Moritz Lenz <moritz@faui2k3.org>
Date:   Sun Oct 27 07:41:52 2013 +0100

    [release guide] clarify which versions to use, lue++
--------
svg
commit a4b16fa861e4578731f9f113bd09eb9054a464bc
Author: Moritz Lenz <moritz@faui2k3.org>
Date:   Sun Oct 27 07:41:52 2013 +0100

    [release guide] clarify which versions to use, lue++
--------
svg-plot
commit a4b16fa861e4578731f9f113bd09eb9054a464bc
Author: Moritz Lenz <moritz@faui2k3.org>
Date:   Sun Oct 27 07:41:52 2013 +0100

    [release guide] clarify which versions to use, lue++
--------
test-mock
commit a4b16fa861e4578731f9f113bd09eb9054a464bc
Author: Moritz Lenz <moritz@faui2k3.org>
Date:   Sun Oct 27 07:41:52 2013 +0100

    [release guide] clarify which versions to use, lue++
--------
ufo
commit a4b16fa861e4578731f9f113bd09eb9054a464bc
Author: Moritz Lenz <moritz@faui2k3.org>
Date:   Sun Oct 27 07:41:52 2013 +0100

    [release guide] clarify which versions to use, lue++
--------
uri
commit a4b16fa861e4578731f9f113bd09eb9054a464bc
Author: Moritz Lenz <moritz@faui2k3.org>
Date:   Sun Oct 27 07:41:52 2013 +0100

    [release guide] clarify which versions to use, lue++
--------
xml-writer
commit a4b16fa861e4578731f9f113bd09eb9054a464bc
Author: Moritz Lenz <moritz@faui2k3.org>
Date:   Sun Oct 27 07:41:52 2013 +0100

    [release guide] clarify which versions to use, lue++
--------
zavolaj
commit a4b16fa861e4578731f9f113bd09eb9054a464bc
Author: Moritz Lenz <moritz@faui2k3.org>
Date:   Sun Oct 27 07:41:52 2013 +0100

    [release guide] clarify which versions to use, lue++
